2025-05-16 03:30:33 | HalfCheetah-v4_grpo_hpo90_lr5e-05_ent0p0_kl_0p001_gro64_normal | INFO | Initializing agent for HalfCheetah-v4_grpo_hpo90_lr5e-05_ent0p0_kl_0p001_gro64_normal on device cpu
2025-05-16 03:30:33 | HalfCheetah-v4_grpo_hpo90_lr5e-05_ent0p0_kl_0p001_gro64_normal | INFO | Full Config: {
  "env_id": "HalfCheetah-v4",
  "algo": "grpo",
  "seed": 0,
  "gamma": 0.99,
  "total_steps": 10000,
  "log_interval": 5000,
  "checkpoint_interval": 50000,
  "video_interval": 100000,
  "run_name": "HalfCheetah-v4_grpo_hpo90_lr5e-05_ent0p0_kl_0p001_gro64",
  "base_log_dir": "experiment_runs_hpo",
  "verbose": false,
  "max_episode_steps": null,
  "network_config": {
    "network_type": "mlp",
    "mlp_hidden_dims": [
      64,
      64
    ],
    "cnn_output_features": 256
  },
  "ppo_config": null,
  "grpo_config": {
    "distribution_type": "normal",
    "group_size": 64,
    "update_epochs": 10,
    "max_grad_norm": 0.5,
    "entropy_coef": 0.0,
    "kl_coef": 0.001,
    "ref_update_interval": 100000,
    "minibatch_size": 256,
    "lr": 0.00005,
    "rollout_steps_per_trajectory": 1000
  }
}
2025-05-16 03:30:35 | HalfCheetah-v4_grpo_hpo90_lr5e-05_ent0p0_kl_0p001_gro64_normal | INFO | Initialized GRPO actor (type: mlp, dist: normal) and reference.
2025-05-16 03:30:35 | HalfCheetah-v4_grpo_hpo90_lr5e-05_ent0p0_kl_0p001_gro64_normal | INFO | No actor checkpoint found at experiment_runs_hpo\HalfCheetah-v4_grpo_hpo90_lr5e-05_ent0p0_kl_0p001_gro64_normal\checkpoints\actor.pt, starting fresh.
2025-05-16 03:30:35 | HalfCheetah-v4_grpo_hpo90_lr5e-05_ent0p0_kl_0p001_gro64_normal | INFO | Starting training from step 0...
2025-05-16 03:31:45 | HalfCheetah-v4_grpo_hpo90_lr5e-05_ent0p0_kl_0p001_gro64_normal | INFO | Step: 64000/10000 | Avg Reward: -362.00 | Avg Length: 1000.0
2025-05-16 03:31:45 | HalfCheetah-v4_grpo_hpo90_lr5e-05_ent0p0_kl_0p001_gro64_normal | INFO | Update Info: policy_loss: -0.0035 | kl_loss: 0.0033 | entropy_loss: 8.6358 | total_loss: -0.0035
2025-05-16 03:31:45 | HalfCheetah-v4_grpo_hpo90_lr5e-05_ent0p0_kl_0p001_gro64_normal | INFO | Timings (avg ms): actor_mlp: 0.18ms | rollout_phase: 53336.30ms | ref_actor_mlp: 0.35ms | backward_pass: 1.69ms | optimizer_step: 1.01ms | update_phase: 15938.83ms
2025-05-16 03:31:45 | HalfCheetah-v4_grpo_hpo90_lr5e-05_ent0p0_kl_0p001_gro64_normal | INFO | Training finished at step 64000.
2025-05-16 03:31:45 | HalfCheetah-v4_grpo_hpo90_lr5e-05_ent0p0_kl_0p001_gro64_normal | INFO | Starting evaluation (1 episodes, deterministic=True)...
2025-05-16 03:32:01 | HalfCheetah-v4_grpo_hpo90_lr5e-05_ent0p0_kl_0p001_gro64_normal | INFO | Evaluation Complete: Avg Reward = -154.06 (over 1 eps)
2025-05-16 03:32:06 | HalfCheetah-v4_grpo_hpo90_lr5e-05_ent0p0_kl_0p001_gro64_normal | INFO | Saved best evaluation video: final_step64000_detTrue_bestR-154.1.mp4
