2025-05-17 22:07:59 | HalfCheetah-v4_ppo_seed2_beta | INFO | Initializing agent for HalfCheetah-v4_ppo_seed2_beta on device cpu
2025-05-17 22:07:59 | HalfCheetah-v4_ppo_seed2_beta | INFO | Full Config: {
  "env_id": "HalfCheetah-v4",
  "algo": "ppo",
  "seed": 2,
  "gamma": 0.99,
  "total_steps": 1000000,
  "log_interval": 10000,
  "checkpoint_interval": 100000,
  "video_interval": 250000,
  "run_name": null,
  "base_log_dir": "experiment_runs",
  "verbose": false,
  "max_episode_steps": 1000,
  "network_config": {
    "network_type": "mlp",
    "mlp_hidden_dims": [
      64,
      64
    ],
    "cnn_output_features": 256
  },
  "ppo_config": {
    "distribution_type": "beta",
    "lam": 0.95,
    "clip_eps": 0.2,
    "ppo_epochs": 10,
    "num_minibatches": 32,
    "entropy_coef": 0.00001,
    "value_coef": 0.5,
    "max_grad_norm": 0.5,
    "target_kl": null,
    "rollout_steps": 2048,
    "lr": 0.0003
  },
  "grpo_config": null
}
2025-05-17 22:07:59 | HalfCheetah-v4_ppo_seed2_beta | INFO | Using separate MLP Actor and Critic networks.
2025-05-17 22:07:59 | HalfCheetah-v4_ppo_seed2_beta | INFO | No actor checkpoint found at experiment_runs/HalfCheetah-v4_ppo_seed2_beta/checkpoints/actor.pt, starting fresh.
2025-05-17 22:07:59 | HalfCheetah-v4_ppo_seed2_beta | INFO | Starting training from step 0...
2025-05-17 22:41:01 | HalfCheetah-v4_ppo_seed2_beta | INFO | Initializing agent for HalfCheetah-v4_ppo_seed2_beta on device cpu
2025-05-17 22:41:01 | HalfCheetah-v4_ppo_seed2_beta | INFO | Full Config: {
  "env_id": "HalfCheetah-v4",
  "algo": "ppo",
  "seed": 2,
  "gamma": 0.99,
  "total_steps": 1000000,
  "log_interval": 10000,
  "checkpoint_interval": 100000,
  "video_interval": 250000,
  "run_name": null,
  "base_log_dir": "experiment_runs",
  "verbose": false,
  "max_episode_steps": 1000,
  "network_config": {
    "network_type": "mlp",
    "mlp_hidden_dims": [
      64,
      64
    ],
    "cnn_output_features": 256
  },
  "ppo_config": {
    "distribution_type": "beta",
    "lam": 0.95,
    "clip_eps": 0.2,
    "ppo_epochs": 10,
    "num_minibatches": 32,
    "entropy_coef": 0.0,
    "value_coef": 0.5,
    "max_grad_norm": 0.5,
    "target_kl": null,
    "rollout_steps": 2048,
    "lr": 0.0003
  },
  "grpo_config": null
}
2025-05-17 22:41:01 | HalfCheetah-v4_ppo_seed2_beta | INFO | Using separate MLP Actor and Critic networks.
2025-05-17 22:41:01 | HalfCheetah-v4_ppo_seed2_beta | INFO | No actor checkpoint found at experiment_runs/HalfCheetah-v4_ppo_seed2_beta/checkpoints/actor.pt, starting fresh.
2025-05-17 22:41:01 | HalfCheetah-v4_ppo_seed2_beta | INFO | Starting training from step 0...
2025-05-17 22:45:20 | HalfCheetah-v4_ppo_seed2_beta | INFO | Step: 10240/1000000 | Avg Reward: -137.29 | Avg Length: 1000.0
2025-05-17 22:45:20 | HalfCheetah-v4_ppo_seed2_beta | INFO | Update Info: policy_loss: -0.0186 | value_loss: 12.6959 | entropy_loss: -0.5187 | approx_kl: -0.0109 | clip_fraction: 0.0788
2025-05-17 22:45:20 | HalfCheetah-v4_ppo_seed2_beta | INFO | Timings (avg ms): actor_pass: 8.35ms | critic_pass: 8.47ms | rollout_phase: 303658.71ms | backward_pass: 37.14ms | optimizer_step: 155.18ms | update_phase: 144549.89ms
2025-05-17 23:24:59 | HalfCheetah-v4_ppo_seed2_beta | INFO | Step: 10240/1000000 | Avg Reward: -115.99 | Avg Length: 1000.0
2025-05-17 23:24:59 | HalfCheetah-v4_ppo_seed2_beta | INFO | Update Info: policy_loss: -0.0196 | value_loss: 10.7977 | entropy_loss: -0.5238 | approx_kl: -0.0073 | clip_fraction: 0.1017
2025-05-17 23:24:59 | HalfCheetah-v4_ppo_seed2_beta | INFO | Timings (avg ms): actor_pass: 9.98ms | critic_pass: 10.30ms | rollout_phase: 353781.74ms | backward_pass: 42.53ms | optimizer_step: 185.59ms | update_phase: 173765.36ms
2025-05-17 23:31:14 | HalfCheetah-v4_ppo_seed2_beta | INFO | Step: 20480/1000000 | Avg Reward: -130.62 | Avg Length: 1000.0
2025-05-17 23:31:14 | HalfCheetah-v4_ppo_seed2_beta | INFO | Update Info: policy_loss: -0.0227 | value_loss: 7.6573 | entropy_loss: -0.6020 | approx_kl: -0.0071 | clip_fraction: 0.1126
2025-05-17 23:31:14 | HalfCheetah-v4_ppo_seed2_beta | INFO | Timings (avg ms): actor_pass: 10.60ms | critic_pass: 10.67ms | rollout_phase: 368276.62ms | backward_pass: 43.98ms | optimizer_step: 196.37ms | update_phase: 182461.69ms
2025-05-18 00:17:12 | HalfCheetah-v4_ppo_seed2_beta | INFO | Step: 20480/1000000 | Avg Reward: -68.24 | Avg Length: 1000.0
2025-05-18 00:17:12 | HalfCheetah-v4_ppo_seed2_beta | INFO | Update Info: policy_loss: -0.0202 | value_loss: 10.4123 | entropy_loss: -0.5891 | approx_kl: -0.0087 | clip_fraction: 0.0849
2025-05-18 00:17:12 | HalfCheetah-v4_ppo_seed2_beta | INFO | Timings (avg ms): actor_pass: 12.31ms | critic_pass: 12.76ms | rollout_phase: 425947.47ms | backward_pass: 46.61ms | optimizer_step: 216.98ms | update_phase: 200753.71ms
2025-05-18 00:23:47 | HalfCheetah-v4_ppo_seed2_beta | INFO | Step: 30720/1000000 | Avg Reward: -56.08 | Avg Length: 1000.0
2025-05-18 00:23:47 | HalfCheetah-v4_ppo_seed2_beta | INFO | Update Info: policy_loss: -0.0227 | value_loss: 7.3875 | entropy_loss: -0.6822 | approx_kl: -0.0070 | clip_fraction: 0.1048
2025-05-18 00:23:47 | HalfCheetah-v4_ppo_seed2_beta | INFO | Timings (avg ms): actor_pass: 12.33ms | critic_pass: 12.89ms | rollout_phase: 426606.14ms | backward_pass: 46.90ms | optimizer_step: 220.02ms | update_phase: 203935.47ms
2025-05-18 00:55:45 | HalfCheetah-v4_ppo_seed2_beta | INFO | Step: 30720/1000000 | Avg Reward: -81.99 | Avg Length: 1000.0
2025-05-18 00:55:45 | HalfCheetah-v4_ppo_seed2_beta | INFO | Update Info: policy_loss: -0.0196 | value_loss: 9.4581 | entropy_loss: -0.6478 | approx_kl: -0.0062 | clip_fraction: 0.0863
2025-05-18 00:55:45 | HalfCheetah-v4_ppo_seed2_beta | INFO | Timings (avg ms): actor_pass: 8.73ms | critic_pass: 8.89ms | rollout_phase: 315582.13ms | backward_pass: 35.99ms | optimizer_step: 157.91ms | update_phase: 146896.34ms
2025-05-18 01:00:08 | HalfCheetah-v4_ppo_seed2_beta | INFO | Step: 40960/1000000 | Avg Reward: 5.34 | Avg Length: 1000.0
2025-05-18 01:00:08 | HalfCheetah-v4_ppo_seed2_beta | INFO | Update Info: policy_loss: -0.0264 | value_loss: 5.3747 | entropy_loss: -0.7703 | approx_kl: -0.0096 | clip_fraction: 0.1225
2025-05-18 01:00:08 | HalfCheetah-v4_ppo_seed2_beta | INFO | Timings (avg ms): actor_pass: 8.23ms | critic_pass: 8.30ms | rollout_phase: 300341.73ms | backward_pass: 34.93ms | optimizer_step: 146.40ms | update_phase: 136012.08ms
2025-05-18 01:30:51 | HalfCheetah-v4_ppo_seed2_beta | INFO | Step: 40960/1000000 | Avg Reward: -18.84 | Avg Length: 1000.0
2025-05-18 01:30:51 | HalfCheetah-v4_ppo_seed2_beta | INFO | Update Info: policy_loss: -0.0237 | value_loss: 6.3447 | entropy_loss: -0.7488 | approx_kl: -0.0100 | clip_fraction: 0.0987
2025-05-18 01:30:51 | HalfCheetah-v4_ppo_seed2_beta | INFO | Timings (avg ms): actor_pass: 7.85ms | critic_pass: 7.91ms | rollout_phase: 286492.04ms | backward_pass: 34.71ms | optimizer_step: 144.45ms | update_phase: 134829.30ms
2025-05-18 01:34:57 | HalfCheetah-v4_ppo_seed2_beta | INFO | Step: 51200/1000000 | Avg Reward: 80.55 | Avg Length: 1000.0
2025-05-18 01:34:57 | HalfCheetah-v4_ppo_seed2_beta | INFO | Update Info: policy_loss: -0.0286 | value_loss: 3.7721 | entropy_loss: -0.8623 | approx_kl: -0.0108 | clip_fraction: 0.1653
2025-05-18 01:34:57 | HalfCheetah-v4_ppo_seed2_beta | INFO | Timings (avg ms): actor_pass: 7.79ms | critic_pass: 7.76ms | rollout_phase: 283446.82ms | backward_pass: 34.43ms | optimizer_step: 143.97ms | update_phase: 134321.54ms
2025-05-18 02:08:37 | HalfCheetah-v4_ppo_seed2_beta | INFO | Step: 51200/1000000 | Avg Reward: -5.42 | Avg Length: 1000.0
2025-05-18 02:08:37 | HalfCheetah-v4_ppo_seed2_beta | INFO | Update Info: policy_loss: -0.0242 | value_loss: 6.0687 | entropy_loss: -0.8363 | approx_kl: -0.0080 | clip_fraction: 0.1164
2025-05-18 02:08:37 | HalfCheetah-v4_ppo_seed2_beta | INFO | Timings (avg ms): actor_pass: 8.46ms | critic_pass: 8.55ms | rollout_phase: 304151.05ms | backward_pass: 36.98ms | optimizer_step: 159.79ms | update_phase: 149018.37ms
2025-05-18 02:13:00 | HalfCheetah-v4_ppo_seed2_beta | INFO | Step: 61440/1000000 | Avg Reward: 64.42 | Avg Length: 1000.0
2025-05-18 02:13:00 | HalfCheetah-v4_ppo_seed2_beta | INFO | Update Info: policy_loss: -0.0318 | value_loss: 3.3865 | entropy_loss: -0.9758 | approx_kl: -0.0114 | clip_fraction: 0.1595
2025-05-18 02:13:00 | HalfCheetah-v4_ppo_seed2_beta | INFO | Timings (avg ms): actor_pass: 8.67ms | critic_pass: 8.82ms | rollout_phase: 314198.35ms | backward_pass: 35.96ms | optimizer_step: 153.11ms | update_phase: 142312.20ms
2025-05-18 02:50:02 | HalfCheetah-v4_ppo_seed2_beta | INFO | Step: 61440/1000000 | Avg Reward: 100.22 | Avg Length: 1000.0
2025-05-18 02:50:02 | HalfCheetah-v4_ppo_seed2_beta | INFO | Update Info: policy_loss: -0.0266 | value_loss: 5.9412 | entropy_loss: -0.8585 | approx_kl: -0.0085 | clip_fraction: 0.1233
2025-05-18 02:50:02 | HalfCheetah-v4_ppo_seed2_beta | INFO | Timings (avg ms): actor_pass: 9.34ms | critic_pass: 9.48ms | rollout_phase: 333364.53ms | backward_pass: 40.20ms | optimizer_step: 175.10ms | update_phase: 163613.94ms
2025-05-18 02:55:42 | HalfCheetah-v4_ppo_seed2_beta | INFO | Step: 71680/1000000 | Avg Reward: 83.70 | Avg Length: 1000.0
2025-05-18 02:55:42 | HalfCheetah-v4_ppo_seed2_beta | INFO | Update Info: policy_loss: -0.0308 | value_loss: 4.1611 | entropy_loss: -1.2431 | approx_kl: -0.0114 | clip_fraction: 0.1456
2025-05-18 02:55:42 | HalfCheetah-v4_ppo_seed2_beta | INFO | Timings (avg ms): actor_pass: 9.87ms | critic_pass: 9.96ms | rollout_phase: 343352.20ms | backward_pass: 40.78ms | optimizer_step: 181.78ms | update_phase: 168977.43ms
2025-05-18 03:45:42 | HalfCheetah-v4_ppo_seed2_beta | INFO | Step: 71680/1000000 | Avg Reward: 107.79 | Avg Length: 1000.0
2025-05-18 03:45:42 | HalfCheetah-v4_ppo_seed2_beta | INFO | Update Info: policy_loss: -0.0266 | value_loss: 5.7315 | entropy_loss: -0.9758 | approx_kl: -0.0105 | clip_fraction: 0.1147
2025-05-18 03:45:42 | HalfCheetah-v4_ppo_seed2_beta | INFO | Timings (avg ms): actor_pass: 13.02ms | critic_pass: 13.52ms | rollout_phase: 450299.99ms | backward_pass: 49.54ms | optimizer_step: 234.11ms | update_phase: 217711.58ms
2025-05-18 03:52:16 | HalfCheetah-v4_ppo_seed2_beta | INFO | Step: 81920/1000000 | Avg Reward: 129.11 | Avg Length: 1000.0
2025-05-18 03:52:16 | HalfCheetah-v4_ppo_seed2_beta | INFO | Update Info: policy_loss: -0.0278 | value_loss: 8.8179 | entropy_loss: -1.3783 | approx_kl: -0.0100 | clip_fraction: 0.1100
2025-05-18 03:52:16 | HalfCheetah-v4_ppo_seed2_beta | INFO | Timings (avg ms): actor_pass: 13.20ms | critic_pass: 13.71ms | rollout_phase: 455932.01ms | backward_pass: 51.39ms | optimizer_step: 239.80ms | update_phase: 222997.00ms
2025-05-18 04:46:17 | HalfCheetah-v4_ppo_seed2_beta | INFO | Step: 81920/1000000 | Avg Reward: 64.31 | Avg Length: 1000.0
2025-05-18 04:46:17 | HalfCheetah-v4_ppo_seed2_beta | INFO | Update Info: policy_loss: -0.0246 | value_loss: 6.3565 | entropy_loss: -1.1160 | approx_kl: -0.0090 | clip_fraction: 0.0972
2025-05-18 04:46:17 | HalfCheetah-v4_ppo_seed2_beta | INFO | Timings (avg ms): actor_pass: 14.24ms | critic_pass: 14.82ms | rollout_phase: 493280.76ms | backward_pass: 54.19ms | optimizer_step: 250.18ms | update_phase: 233655.51ms
2025-05-18 04:51:09 | HalfCheetah-v4_ppo_seed2_beta | INFO | Step: 92160/1000000 | Avg Reward: 117.38 | Avg Length: 1000.0
2025-05-18 04:51:09 | HalfCheetah-v4_ppo_seed2_beta | INFO | Update Info: policy_loss: -0.0296 | value_loss: 9.7801 | entropy_loss: -1.5303 | approx_kl: -0.0097 | clip_fraction: 0.1061
2025-05-18 04:51:09 | HalfCheetah-v4_ppo_seed2_beta | INFO | Timings (avg ms): actor_pass: 13.73ms | critic_pass: 14.57ms | rollout_phase: 482628.84ms | backward_pass: 51.67ms | optimizer_step: 242.25ms | update_phase: 223985.11ms
2025-05-18 05:34:45 | HalfCheetah-v4_ppo_seed2_beta | INFO | Step: 92160/1000000 | Avg Reward: 168.33 | Avg Length: 1000.0
2025-05-18 05:34:45 | HalfCheetah-v4_ppo_seed2_beta | INFO | Update Info: policy_loss: -0.0287 | value_loss: 7.7410 | entropy_loss: -1.3119 | approx_kl: -0.0141 | clip_fraction: 0.1345
2025-05-18 05:34:45 | HalfCheetah-v4_ppo_seed2_beta | INFO | Timings (avg ms): actor_pass: 11.38ms | critic_pass: 11.67ms | rollout_phase: 396871.65ms | backward_pass: 44.00ms | optimizer_step: 198.30ms | update_phase: 184702.95ms
2025-05-18 05:39:10 | HalfCheetah-v4_ppo_seed2_beta | INFO | Step: 102400/1000000 | Avg Reward: 295.80 | Avg Length: 1000.0
2025-05-18 05:39:10 | HalfCheetah-v4_ppo_seed2_beta | INFO | Update Info: policy_loss: -0.0297 | value_loss: 16.0853 | entropy_loss: -1.6348 | approx_kl: -0.0084 | clip_fraction: 0.1480
2025-05-18 05:39:10 | HalfCheetah-v4_ppo_seed2_beta | INFO | Timings (avg ms): actor_pass: 11.18ms | critic_pass: 11.63ms | rollout_phase: 390570.88ms | backward_pass: 44.21ms | optimizer_step: 200.09ms | update_phase: 185475.36ms
2025-05-18 06:18:28 | HalfCheetah-v4_ppo_seed2_beta | INFO | Step: 102400/1000000 | Avg Reward: 228.08 | Avg Length: 1000.0
2025-05-18 06:18:28 | HalfCheetah-v4_ppo_seed2_beta | INFO | Update Info: policy_loss: -0.0325 | value_loss: 6.8283 | entropy_loss: -1.4402 | approx_kl: -0.0103 | clip_fraction: 0.1583
2025-05-18 06:18:28 | HalfCheetah-v4_ppo_seed2_beta | INFO | Timings (avg ms): actor_pass: 10.07ms | critic_pass: 10.36ms | rollout_phase: 359470.06ms | backward_pass: 40.40ms | optimizer_step: 175.98ms | update_phase: 165185.13ms
2025-05-18 06:21:22 | HalfCheetah-v4_ppo_seed2_beta | INFO | Step: 112640/1000000 | Avg Reward: 137.99 | Avg Length: 1000.0
2025-05-18 06:21:22 | HalfCheetah-v4_ppo_seed2_beta | INFO | Update Info: policy_loss: -0.0240 | value_loss: 14.5128 | entropy_loss: -1.8148 | approx_kl: -0.0088 | clip_fraction: 0.0941
2025-05-18 06:21:22 | HalfCheetah-v4_ppo_seed2_beta | INFO | Timings (avg ms): actor_pass: 9.71ms | critic_pass: 9.90ms | rollout_phase: 347416.83ms | backward_pass: 39.44ms | optimizer_step: 170.83ms | update_phase: 159069.19ms
2025-05-18 06:54:06 | HalfCheetah-v4_ppo_seed2_beta | INFO | Step: 112640/1000000 | Avg Reward: 242.77 | Avg Length: 1000.0
2025-05-18 06:54:06 | HalfCheetah-v4_ppo_seed2_beta | INFO | Update Info: policy_loss: -0.0324 | value_loss: 12.5640 | entropy_loss: -1.5881 | approx_kl: -0.0067 | clip_fraction: 0.1520
2025-05-18 06:54:06 | HalfCheetah-v4_ppo_seed2_beta | INFO | Timings (avg ms): actor_pass: 7.96ms | critic_pass: 7.95ms | rollout_phase: 290074.12ms | backward_pass: 35.23ms | optimizer_step: 147.15ms | update_phase: 137404.79ms
2025-05-18 06:56:57 | HalfCheetah-v4_ppo_seed2_beta | INFO | Step: 122880/1000000 | Avg Reward: 381.92 | Avg Length: 1000.0
2025-05-18 06:56:57 | HalfCheetah-v4_ppo_seed2_beta | INFO | Update Info: policy_loss: -0.0284 | value_loss: 17.0263 | entropy_loss: -1.8791 | approx_kl: -0.0165 | clip_fraction: 0.1562
2025-05-18 06:56:57 | HalfCheetah-v4_ppo_seed2_beta | INFO | Timings (avg ms): actor_pass: 7.89ms | critic_pass: 7.94ms | rollout_phase: 289457.24ms | backward_pass: 35.73ms | optimizer_step: 147.22ms | update_phase: 137543.55ms
2025-05-18 07:41:10 | HalfCheetah-v4_ppo_seed2_beta | INFO | Step: 122880/1000000 | Avg Reward: 394.31 | Avg Length: 1000.0
2025-05-18 07:41:10 | HalfCheetah-v4_ppo_seed2_beta | INFO | Update Info: policy_loss: -0.0299 | value_loss: 25.2775 | entropy_loss: -1.7160 | approx_kl: -0.0143 | clip_fraction: 0.1577
2025-05-18 07:41:10 | HalfCheetah-v4_ppo_seed2_beta | INFO | Timings (avg ms): actor_pass: 10.78ms | critic_pass: 11.14ms | rollout_phase: 375019.16ms | backward_pass: 44.98ms | optimizer_step: 203.73ms | update_phase: 189879.80ms
2025-05-18 07:45:05 | HalfCheetah-v4_ppo_seed2_beta | INFO | Step: 133120/1000000 | Avg Reward: 623.24 | Avg Length: 1000.0
2025-05-18 07:45:05 | HalfCheetah-v4_ppo_seed2_beta | INFO | Update Info: policy_loss: -0.0317 | value_loss: 23.1913 | entropy_loss: -1.9751 | approx_kl: -0.0106 | clip_fraction: 0.1482
2025-05-18 07:45:05 | HalfCheetah-v4_ppo_seed2_beta | INFO | Timings (avg ms): actor_pass: 11.16ms | critic_pass: 11.57ms | rollout_phase: 388754.91ms | backward_pass: 45.31ms | optimizer_step: 203.15ms | update_phase: 188778.89ms
2025-05-18 08:27:42 | HalfCheetah-v4_ppo_seed2_beta | INFO | Step: 133120/1000000 | Avg Reward: 334.41 | Avg Length: 1000.0
2025-05-18 08:27:42 | HalfCheetah-v4_ppo_seed2_beta | INFO | Update Info: policy_loss: -0.0343 | value_loss: 17.6991 | entropy_loss: -1.8962 | approx_kl: -0.0169 | clip_fraction: 0.1688
2025-05-18 08:27:42 | HalfCheetah-v4_ppo_seed2_beta | INFO | Timings (avg ms): actor_pass: 10.83ms | critic_pass: 11.14ms | rollout_phase: 381482.11ms | backward_pass: 41.91ms | optimizer_step: 189.72ms | update_phase: 176935.88ms
2025-05-18 08:31:12 | HalfCheetah-v4_ppo_seed2_beta | INFO | Step: 143360/1000000 | Avg Reward: 359.87 | Avg Length: 1000.0
2025-05-18 08:31:12 | HalfCheetah-v4_ppo_seed2_beta | INFO | Update Info: policy_loss: -0.0342 | value_loss: 19.0909 | entropy_loss: -2.0556 | approx_kl: -0.0104 | clip_fraction: 0.1668
2025-05-18 08:31:12 | HalfCheetah-v4_ppo_seed2_beta | INFO | Timings (avg ms): actor_pass: 10.72ms | critic_pass: 11.06ms | rollout_phase: 376606.44ms | backward_pass: 42.20ms | optimizer_step: 190.74ms | update_phase: 176811.68ms
2025-05-18 09:15:41 | HalfCheetah-v4_ppo_seed2_beta | INFO | Step: 143360/1000000 | Avg Reward: 475.22 | Avg Length: 1000.0
2025-05-18 09:15:41 | HalfCheetah-v4_ppo_seed2_beta | INFO | Update Info: policy_loss: -0.0309 | value_loss: 30.4173 | entropy_loss: -1.9396 | approx_kl: -0.0094 | clip_fraction: 0.1224
2025-05-18 09:15:41 | HalfCheetah-v4_ppo_seed2_beta | INFO | Timings (avg ms): actor_pass: 11.18ms | critic_pass: 11.47ms | rollout_phase: 385584.81ms | backward_pass: 44.26ms | optimizer_step: 204.17ms | update_phase: 190086.57ms
2025-05-18 09:18:43 | HalfCheetah-v4_ppo_seed2_beta | INFO | Step: 153600/1000000 | Avg Reward: 596.26 | Avg Length: 1000.0
2025-05-18 09:18:43 | HalfCheetah-v4_ppo_seed2_beta | INFO | Update Info: policy_loss: -0.0290 | value_loss: 27.3682 | entropy_loss: -2.1547 | approx_kl: -0.0117 | clip_fraction: 0.1604
2025-05-18 09:18:43 | HalfCheetah-v4_ppo_seed2_beta | INFO | Timings (avg ms): actor_pass: 10.96ms | critic_pass: 11.30ms | rollout_phase: 381437.48ms | backward_pass: 44.13ms | optimizer_step: 203.67ms | update_phase: 188711.27ms
2025-05-18 10:05:09 | HalfCheetah-v4_ppo_seed2_beta | INFO | Step: 153600/1000000 | Avg Reward: 433.53 | Avg Length: 1000.0
2025-05-18 10:05:09 | HalfCheetah-v4_ppo_seed2_beta | INFO | Update Info: policy_loss: -0.0323 | value_loss: 26.6406 | entropy_loss: -2.0468 | approx_kl: -0.0110 | clip_fraction: 0.1422
2025-05-18 10:05:09 | HalfCheetah-v4_ppo_seed2_beta | INFO | Timings (avg ms): actor_pass: 11.53ms | critic_pass: 12.00ms | rollout_phase: 402379.84ms | backward_pass: 44.34ms | optimizer_step: 204.77ms | update_phase: 191236.65ms
2025-05-18 10:08:01 | HalfCheetah-v4_ppo_seed2_beta | INFO | Step: 163840/1000000 | Avg Reward: 320.67 | Avg Length: 1000.0
2025-05-18 10:08:01 | HalfCheetah-v4_ppo_seed2_beta | INFO | Update Info: policy_loss: -0.0326 | value_loss: 26.2895 | entropy_loss: -2.2820 | approx_kl: -0.0154 | clip_fraction: 0.1689
2025-05-18 10:08:01 | HalfCheetah-v4_ppo_seed2_beta | INFO | Timings (avg ms): actor_pass: 11.53ms | critic_pass: 12.01ms | rollout_phase: 402188.26ms | backward_pass: 44.18ms | optimizer_step: 202.93ms | update_phase: 189376.84ms
