2025-05-19 05:02:07 | HalfCheetah-v4_ppo_seed100_ent0.001_lr0.0001_normal | INFO | Initializing agent for HalfCheetah-v4_ppo_seed100_ent0.001_lr0.0001_normal on device cpu
2025-05-19 05:02:07 | HalfCheetah-v4_ppo_seed100_ent0.001_lr0.0001_normal | INFO | Full Config (including original run_name='None'): {
  "env_id": "HalfCheetah-v4",
  "algo": "ppo",
  "seed": 100,
  "gamma": 0.99,
  "total_steps": 1000000,
  "log_interval": 10000,
  "checkpoint_interval": 100000,
  "video_interval": 250000,
  "run_name": null,
  "base_log_dir": "sweeps/HalfCheetah_PPO_EC_LR_Sweep1",
  "verbose": false,
  "max_episode_steps": 1000,
  "network_config": {
    "network_type": "mlp",
    "mlp_hidden_dims": [
      64,
      64
    ],
    "cnn_output_features": 256
  },
  "ppo_config": {
    "distribution_type": "normal",
    "lam": 0.95,
    "clip_eps": 0.2,
    "ppo_epochs": 10,
    "num_minibatches": 32,
    "entropy_coef": 0.001,
    "value_coef": 0.5,
    "max_grad_norm": 0.5,
    "target_kl": null,
    "rollout_steps": 2048,
    "lr": 0.0001
  },
  "grpo_config": null
}
2025-05-19 05:02:07 | HalfCheetah-v4_ppo_seed100_ent0.001_lr0.0001_normal | INFO | Using separate MLP Actor and Critic networks.
2025-05-19 05:02:07 | HalfCheetah-v4_ppo_seed100_ent0.001_lr0.0001_normal | INFO | No actor checkpoint found at sweeps\HalfCheetah_PPO_EC_LR_Sweep1\HalfCheetah-v4_ppo_seed100_ent0.001_lr0.0001_normal\checkpoints\actor.pt, starting fresh.
2025-05-19 05:02:07 | HalfCheetah-v4_ppo_seed100_ent0.001_lr0.0001_normal | INFO | Starting training from step 0...
2025-05-19 05:02:22 | HalfCheetah-v4_ppo_seed100_ent0.001_lr0.0001_normal | INFO | Step: 10240/1000000 | Avg Reward: -408.41 | Avg Length: 1000.0
2025-05-19 05:02:22 | HalfCheetah-v4_ppo_seed100_ent0.001_lr0.0001_normal | INFO | Update Info: policy_loss: -0.0221 | value_loss: 19.7909 | entropy_loss: 8.9068 | approx_kl: -0.0077 | clip_fraction: 0.0888
2025-05-19 05:02:22 | HalfCheetah-v4_ppo_seed100_ent0.001_lr0.0001_normal | INFO | Timings (avg ms): actor_pass: 0.12ms | critic_pass: 0.12ms | rollout_phase: 1517.48ms | backward_pass: 1.20ms | optimizer_step: 1.41ms | update_phase: 1577.41ms
2025-05-19 05:02:38 | HalfCheetah-v4_ppo_seed100_ent0.001_lr0.0001_normal | INFO | Step: 20480/1000000 | Avg Reward: -414.68 | Avg Length: 1000.0
2025-05-19 05:02:38 | HalfCheetah-v4_ppo_seed100_ent0.001_lr0.0001_normal | INFO | Update Info: policy_loss: -0.0234 | value_loss: 16.0377 | entropy_loss: 8.8095 | approx_kl: -0.0079 | clip_fraction: 0.1119
2025-05-19 05:02:38 | HalfCheetah-v4_ppo_seed100_ent0.001_lr0.0001_normal | INFO | Timings (avg ms): actor_pass: 0.12ms | critic_pass: 0.12ms | rollout_phase: 1526.21ms | backward_pass: 1.17ms | optimizer_step: 1.38ms | update_phase: 1538.58ms
2025-05-19 05:02:53 | HalfCheetah-v4_ppo_seed100_ent0.001_lr0.0001_normal | INFO | Step: 30720/1000000 | Avg Reward: -331.76 | Avg Length: 1000.0
2025-05-19 05:02:53 | HalfCheetah-v4_ppo_seed100_ent0.001_lr0.0001_normal | INFO | Update Info: policy_loss: -0.0303 | value_loss: 13.9040 | entropy_loss: 8.7217 | approx_kl: -0.0059 | clip_fraction: 0.1430
2025-05-19 05:02:53 | HalfCheetah-v4_ppo_seed100_ent0.001_lr0.0001_normal | INFO | Timings (avg ms): actor_pass: 0.12ms | critic_pass: 0.12ms | rollout_phase: 1525.29ms | backward_pass: 1.18ms | optimizer_step: 1.39ms | update_phase: 1551.94ms
2025-05-19 05:03:09 | HalfCheetah-v4_ppo_seed100_ent0.001_lr0.0001_normal | INFO | Step: 40960/1000000 | Avg Reward: -273.37 | Avg Length: 1000.0
2025-05-19 05:03:09 | HalfCheetah-v4_ppo_seed100_ent0.001_lr0.0001_normal | INFO | Update Info: policy_loss: -0.0229 | value_loss: 21.9908 | entropy_loss: 8.6187 | approx_kl: -0.0113 | clip_fraction: 0.1027
2025-05-19 05:03:09 | HalfCheetah-v4_ppo_seed100_ent0.001_lr0.0001_normal | INFO | Timings (avg ms): actor_pass: 0.12ms | critic_pass: 0.12ms | rollout_phase: 1540.28ms | backward_pass: 1.16ms | optimizer_step: 1.37ms | update_phase: 1531.12ms
2025-05-19 05:03:25 | HalfCheetah-v4_ppo_seed100_ent0.001_lr0.0001_normal | INFO | Step: 51200/1000000 | Avg Reward: -389.23 | Avg Length: 1000.0
2025-05-19 05:03:25 | HalfCheetah-v4_ppo_seed100_ent0.001_lr0.0001_normal | INFO | Update Info: policy_loss: -0.0220 | value_loss: 21.7288 | entropy_loss: 8.6032 | approx_kl: -0.0062 | clip_fraction: 0.0919
2025-05-19 05:03:25 | HalfCheetah-v4_ppo_seed100_ent0.001_lr0.0001_normal | INFO | Timings (avg ms): actor_pass: 0.13ms | critic_pass: 0.12ms | rollout_phase: 1556.29ms | backward_pass: 1.24ms | optimizer_step: 1.46ms | update_phase: 1637.25ms
2025-05-19 05:03:40 | HalfCheetah-v4_ppo_seed100_ent0.001_lr0.0001_normal | INFO | Step: 61440/1000000 | Avg Reward: -304.81 | Avg Length: 1000.0
2025-05-19 05:03:40 | HalfCheetah-v4_ppo_seed100_ent0.001_lr0.0001_normal | INFO | Update Info: policy_loss: -0.0322 | value_loss: 9.5751 | entropy_loss: 8.3225 | approx_kl: -0.0173 | clip_fraction: 0.1887
2025-05-19 05:03:40 | HalfCheetah-v4_ppo_seed100_ent0.001_lr0.0001_normal | INFO | Timings (avg ms): actor_pass: 0.12ms | critic_pass: 0.11ms | rollout_phase: 1505.18ms | backward_pass: 1.17ms | optimizer_step: 1.38ms | update_phase: 1543.24ms
2025-05-19 05:03:55 | HalfCheetah-v4_ppo_seed100_ent0.001_lr0.0001_normal | INFO | Step: 71680/1000000 | Avg Reward: -246.76 | Avg Length: 1000.0
2025-05-19 05:03:55 | HalfCheetah-v4_ppo_seed100_ent0.001_lr0.0001_normal | INFO | Update Info: policy_loss: -0.0299 | value_loss: 9.4344 | entropy_loss: 8.0533 | approx_kl: -0.0072 | clip_fraction: 0.1396
2025-05-19 05:03:55 | HalfCheetah-v4_ppo_seed100_ent0.001_lr0.0001_normal | INFO | Timings (avg ms): actor_pass: 0.12ms | critic_pass: 0.11ms | rollout_phase: 1500.78ms | backward_pass: 1.19ms | optimizer_step: 1.40ms | update_phase: 1557.74ms
2025-05-19 05:04:11 | HalfCheetah-v4_ppo_seed100_ent0.001_lr0.0001_normal | INFO | Step: 81920/1000000 | Avg Reward: -239.63 | Avg Length: 1000.0
2025-05-19 05:04:11 | HalfCheetah-v4_ppo_seed100_ent0.001_lr0.0001_normal | INFO | Update Info: policy_loss: -0.0307 | value_loss: 9.1758 | entropy_loss: 7.8897 | approx_kl: -0.0127 | clip_fraction: 0.1631
2025-05-19 05:04:11 | HalfCheetah-v4_ppo_seed100_ent0.001_lr0.0001_normal | INFO | Timings (avg ms): actor_pass: 0.12ms | critic_pass: 0.12ms | rollout_phase: 1551.14ms | backward_pass: 1.19ms | optimizer_step: 1.41ms | update_phase: 1579.36ms
2025-05-19 05:04:26 | HalfCheetah-v4_ppo_seed100_ent0.001_lr0.0001_normal | INFO | Step: 92160/1000000 | Avg Reward: -275.78 | Avg Length: 1000.0
2025-05-19 05:04:26 | HalfCheetah-v4_ppo_seed100_ent0.001_lr0.0001_normal | INFO | Update Info: policy_loss: -0.0358 | value_loss: 7.5340 | entropy_loss: 7.5014 | approx_kl: -0.0228 | clip_fraction: 0.2008
2025-05-19 05:04:26 | HalfCheetah-v4_ppo_seed100_ent0.001_lr0.0001_normal | INFO | Timings (avg ms): actor_pass: 0.12ms | critic_pass: 0.12ms | rollout_phase: 1521.53ms | backward_pass: 1.16ms | optimizer_step: 1.37ms | update_phase: 1529.26ms
2025-05-19 05:04:41 | HalfCheetah-v4_ppo_seed100_ent0.001_lr0.0001_normal | INFO | Step: 102400/1000000 | Avg Reward: -178.17 | Avg Length: 1000.0
2025-05-19 05:04:41 | HalfCheetah-v4_ppo_seed100_ent0.001_lr0.0001_normal | INFO | Update Info: policy_loss: -0.0273 | value_loss: 12.3963 | entropy_loss: 7.4054 | approx_kl: -0.0090 | clip_fraction: 0.1064
2025-05-19 05:04:41 | HalfCheetah-v4_ppo_seed100_ent0.001_lr0.0001_normal | INFO | Timings (avg ms): actor_pass: 0.12ms | critic_pass: 0.12ms | rollout_phase: 1520.14ms | backward_pass: 1.16ms | optimizer_step: 1.38ms | update_phase: 1539.80ms
2025-05-19 05:04:57 | HalfCheetah-v4_ppo_seed100_ent0.001_lr0.0001_normal | INFO | Step: 112640/1000000 | Avg Reward: -191.75 | Avg Length: 1000.0
2025-05-19 05:04:57 | HalfCheetah-v4_ppo_seed100_ent0.001_lr0.0001_normal | INFO | Update Info: policy_loss: -0.0343 | value_loss: 6.3760 | entropy_loss: 7.0203 | approx_kl: -0.0173 | clip_fraction: 0.1921
2025-05-19 05:04:57 | HalfCheetah-v4_ppo_seed100_ent0.001_lr0.0001_normal | INFO | Timings (avg ms): actor_pass: 0.12ms | critic_pass: 0.12ms | rollout_phase: 1543.27ms | backward_pass: 1.15ms | optimizer_step: 1.37ms | update_phase: 1518.44ms
2025-05-19 05:05:12 | HalfCheetah-v4_ppo_seed100_ent0.001_lr0.0001_normal | INFO | Step: 122880/1000000 | Avg Reward: -233.44 | Avg Length: 1000.0
2025-05-19 05:05:12 | HalfCheetah-v4_ppo_seed100_ent0.001_lr0.0001_normal | INFO | Update Info: policy_loss: -0.0359 | value_loss: 5.5063 | entropy_loss: 6.6021 | approx_kl: -0.0163 | clip_fraction: 0.1982
2025-05-19 05:05:12 | HalfCheetah-v4_ppo_seed100_ent0.001_lr0.0001_normal | INFO | Timings (avg ms): actor_pass: 0.12ms | critic_pass: 0.12ms | rollout_phase: 1529.68ms | backward_pass: 1.19ms | optimizer_step: 1.41ms | update_phase: 1570.57ms
2025-05-19 05:05:28 | HalfCheetah-v4_ppo_seed100_ent0.001_lr0.0001_normal | INFO | Step: 133120/1000000 | Avg Reward: -177.27 | Avg Length: 1000.0
2025-05-19 05:05:28 | HalfCheetah-v4_ppo_seed100_ent0.001_lr0.0001_normal | INFO | Update Info: policy_loss: -0.0302 | value_loss: 8.6750 | entropy_loss: 6.4493 | approx_kl: -0.0081 | clip_fraction: 0.1423
2025-05-19 05:05:28 | HalfCheetah-v4_ppo_seed100_ent0.001_lr0.0001_normal | INFO | Timings (avg ms): actor_pass: 0.13ms | critic_pass: 0.12ms | rollout_phase: 1562.54ms | backward_pass: 1.20ms | optimizer_step: 1.43ms | update_phase: 1590.89ms
2025-05-19 05:05:44 | HalfCheetah-v4_ppo_seed100_ent0.001_lr0.0001_normal | INFO | Step: 143360/1000000 | Avg Reward: -160.59 | Avg Length: 1000.0
2025-05-19 05:05:44 | HalfCheetah-v4_ppo_seed100_ent0.001_lr0.0001_normal | INFO | Update Info: policy_loss: -0.0294 | value_loss: 9.3726 | entropy_loss: 6.2297 | approx_kl: -0.0109 | clip_fraction: 0.1491
2025-05-19 05:05:44 | HalfCheetah-v4_ppo_seed100_ent0.001_lr0.0001_normal | INFO | Timings (avg ms): actor_pass: 0.12ms | critic_pass: 0.12ms | rollout_phase: 1564.75ms | backward_pass: 1.17ms | optimizer_step: 1.40ms | update_phase: 1556.08ms
2025-05-19 05:05:59 | HalfCheetah-v4_ppo_seed100_ent0.001_lr0.0001_normal | INFO | Step: 153600/1000000 | Avg Reward: -177.96 | Avg Length: 1000.0
2025-05-19 05:05:59 | HalfCheetah-v4_ppo_seed100_ent0.001_lr0.0001_normal | INFO | Update Info: policy_loss: -0.0315 | value_loss: 11.2211 | entropy_loss: 6.4344 | approx_kl: -0.0157 | clip_fraction: 0.1616
2025-05-19 05:05:59 | HalfCheetah-v4_ppo_seed100_ent0.001_lr0.0001_normal | INFO | Timings (avg ms): actor_pass: 0.12ms | critic_pass: 0.12ms | rollout_phase: 1563.69ms | backward_pass: 1.16ms | optimizer_step: 1.38ms | update_phase: 1534.78ms
2025-05-19 05:06:15 | HalfCheetah-v4_ppo_seed100_ent0.001_lr0.0001_normal | INFO | Step: 163840/1000000 | Avg Reward: -82.33 | Avg Length: 1000.0
2025-05-19 05:06:15 | HalfCheetah-v4_ppo_seed100_ent0.001_lr0.0001_normal | INFO | Update Info: policy_loss: -0.0334 | value_loss: 9.9651 | entropy_loss: 5.6272 | approx_kl: -0.0087 | clip_fraction: 0.1549
2025-05-19 05:06:15 | HalfCheetah-v4_ppo_seed100_ent0.001_lr0.0001_normal | INFO | Timings (avg ms): actor_pass: 0.12ms | critic_pass: 0.12ms | rollout_phase: 1552.34ms | backward_pass: 1.19ms | optimizer_step: 1.42ms | update_phase: 1577.50ms
2025-05-19 05:06:30 | HalfCheetah-v4_ppo_seed100_ent0.001_lr0.0001_normal | INFO | Step: 174080/1000000 | Avg Reward: -6.74 | Avg Length: 1000.0
2025-05-19 05:06:30 | HalfCheetah-v4_ppo_seed100_ent0.001_lr0.0001_normal | INFO | Update Info: policy_loss: -0.0328 | value_loss: 10.2771 | entropy_loss: 5.4635 | approx_kl: -0.0088 | clip_fraction: 0.1911
2025-05-19 05:06:30 | HalfCheetah-v4_ppo_seed100_ent0.001_lr0.0001_normal | INFO | Timings (avg ms): actor_pass: 0.12ms | critic_pass: 0.12ms | rollout_phase: 1529.86ms | backward_pass: 1.15ms | optimizer_step: 1.38ms | update_phase: 1524.79ms
2025-05-19 05:06:45 | HalfCheetah-v4_ppo_seed100_ent0.001_lr0.0001_normal | INFO | Step: 184320/1000000 | Avg Reward: 132.22 | Avg Length: 1000.0
2025-05-19 05:06:45 | HalfCheetah-v4_ppo_seed100_ent0.001_lr0.0001_normal | INFO | Update Info: policy_loss: -0.0368 | value_loss: 10.1338 | entropy_loss: 4.8513 | approx_kl: -0.0161 | clip_fraction: 0.2097
2025-05-19 05:06:45 | HalfCheetah-v4_ppo_seed100_ent0.001_lr0.0001_normal | INFO | Timings (avg ms): actor_pass: 0.12ms | critic_pass: 0.12ms | rollout_phase: 1514.32ms | backward_pass: 1.16ms | optimizer_step: 1.38ms | update_phase: 1534.62ms
2025-05-19 05:07:00 | HalfCheetah-v4_ppo_seed100_ent0.001_lr0.0001_normal | INFO | Step: 194560/1000000 | Avg Reward: 289.03 | Avg Length: 1000.0
2025-05-19 05:07:00 | HalfCheetah-v4_ppo_seed100_ent0.001_lr0.0001_normal | INFO | Update Info: policy_loss: -0.0310 | value_loss: 8.4298 | entropy_loss: 4.3619 | approx_kl: -0.0092 | clip_fraction: 0.1670
2025-05-19 05:07:00 | HalfCheetah-v4_ppo_seed100_ent0.001_lr0.0001_normal | INFO | Timings (avg ms): actor_pass: 0.12ms | critic_pass: 0.11ms | rollout_phase: 1506.97ms | backward_pass: 1.16ms | optimizer_step: 1.39ms | update_phase: 1541.92ms
2025-05-19 05:07:16 | HalfCheetah-v4_ppo_seed100_ent0.001_lr0.0001_normal | INFO | Step: 204800/1000000 | Avg Reward: 350.63 | Avg Length: 1000.0
2025-05-19 05:07:16 | HalfCheetah-v4_ppo_seed100_ent0.001_lr0.0001_normal | INFO | Update Info: policy_loss: -0.0306 | value_loss: 9.6813 | entropy_loss: 4.0620 | approx_kl: -0.0115 | clip_fraction: 0.1951
2025-05-19 05:07:16 | HalfCheetah-v4_ppo_seed100_ent0.001_lr0.0001_normal | INFO | Timings (avg ms): actor_pass: 0.12ms | critic_pass: 0.12ms | rollout_phase: 1519.85ms | backward_pass: 1.19ms | optimizer_step: 1.41ms | update_phase: 1566.85ms
2025-05-19 05:07:31 | HalfCheetah-v4_ppo_seed100_ent0.001_lr0.0001_normal | INFO | Step: 215040/1000000 | Avg Reward: 300.34 | Avg Length: 1000.0
2025-05-19 05:07:31 | HalfCheetah-v4_ppo_seed100_ent0.001_lr0.0001_normal | INFO | Update Info: policy_loss: -0.0293 | value_loss: 14.4042 | entropy_loss: 3.8959 | approx_kl: -0.0166 | clip_fraction: 0.2028
2025-05-19 05:07:31 | HalfCheetah-v4_ppo_seed100_ent0.001_lr0.0001_normal | INFO | Timings (avg ms): actor_pass: 0.12ms | critic_pass: 0.11ms | rollout_phase: 1502.90ms | backward_pass: 1.15ms | optimizer_step: 1.38ms | update_phase: 1524.80ms
2025-05-19 05:07:46 | HalfCheetah-v4_ppo_seed100_ent0.001_lr0.0001_normal | INFO | Step: 225280/1000000 | Avg Reward: 485.10 | Avg Length: 1000.0
2025-05-19 05:07:46 | HalfCheetah-v4_ppo_seed100_ent0.001_lr0.0001_normal | INFO | Update Info: policy_loss: -0.0315 | value_loss: 20.8851 | entropy_loss: 3.7698 | approx_kl: -0.0071 | clip_fraction: 0.1679
2025-05-19 05:07:46 | HalfCheetah-v4_ppo_seed100_ent0.001_lr0.0001_normal | INFO | Timings (avg ms): actor_pass: 0.12ms | critic_pass: 0.12ms | rollout_phase: 1511.27ms | backward_pass: 1.16ms | optimizer_step: 1.38ms | update_phase: 1536.69ms
2025-05-19 05:08:02 | HalfCheetah-v4_ppo_seed100_ent0.001_lr0.0001_normal | INFO | Step: 235520/1000000 | Avg Reward: 490.80 | Avg Length: 1000.0
2025-05-19 05:08:02 | HalfCheetah-v4_ppo_seed100_ent0.001_lr0.0001_normal | INFO | Update Info: policy_loss: -0.0256 | value_loss: 17.1946 | entropy_loss: 3.2963 | approx_kl: -0.0132 | clip_fraction: 0.1841
2025-05-19 05:08:02 | HalfCheetah-v4_ppo_seed100_ent0.001_lr0.0001_normal | INFO | Timings (avg ms): actor_pass: 0.12ms | critic_pass: 0.12ms | rollout_phase: 1519.44ms | backward_pass: 1.17ms | optimizer_step: 1.40ms | update_phase: 1553.57ms
2025-05-19 05:08:17 | HalfCheetah-v4_ppo_seed100_ent0.001_lr0.0001_normal | INFO | Step: 245760/1000000 | Avg Reward: 460.14 | Avg Length: 1000.0
2025-05-19 05:08:17 | HalfCheetah-v4_ppo_seed100_ent0.001_lr0.0001_normal | INFO | Update Info: policy_loss: -0.0231 | value_loss: 27.7998 | entropy_loss: 3.3963 | approx_kl: -0.0074 | clip_fraction: 0.1189
2025-05-19 05:08:17 | HalfCheetah-v4_ppo_seed100_ent0.001_lr0.0001_normal | INFO | Timings (avg ms): actor_pass: 0.12ms | critic_pass: 0.12ms | rollout_phase: 1532.54ms | backward_pass: 1.17ms | optimizer_step: 1.39ms | update_phase: 1538.57ms
2025-05-19 05:08:26 | HalfCheetah-v4_ppo_seed100_ent0.001_lr0.0001_normal | INFO | Starting evaluation (3 episodes, deterministic=True)...
2025-05-19 05:09:05 | HalfCheetah-v4_ppo_seed100_ent0.001_lr0.0001_normal | INFO | Evaluation Complete: Avg Reward = 562.58 (over 3 eps)
2025-05-19 05:09:10 | HalfCheetah-v4_ppo_seed100_ent0.001_lr0.0001_normal | INFO | Saved best evaluation video: eval_step251904_detTrue_bestR607.0.mp4
2025-05-19 05:09:16 | HalfCheetah-v4_ppo_seed100_ent0.001_lr0.0001_normal | INFO | Step: 256000/1000000 | Avg Reward: 282.27 | Avg Length: 1000.0
2025-05-19 05:09:16 | HalfCheetah-v4_ppo_seed100_ent0.001_lr0.0001_normal | INFO | Update Info: policy_loss: -0.0204 | value_loss: 27.3034 | entropy_loss: 5.8070 | approx_kl: -0.0037 | clip_fraction: 0.0719
2025-05-19 05:09:16 | HalfCheetah-v4_ppo_seed100_ent0.001_lr0.0001_normal | INFO | Timings (avg ms): actor_pass: 0.13ms | critic_pass: 0.11ms | rollout_phase: 1529.68ms | backward_pass: 1.16ms | optimizer_step: 1.37ms | update_phase: 1522.71ms | eval_action_select: 0.79ms | eval_env_interact: 0.18ms
2025-05-19 05:09:32 | HalfCheetah-v4_ppo_seed100_ent0.001_lr0.0001_normal | INFO | Step: 266240/1000000 | Avg Reward: 537.70 | Avg Length: 1000.0
2025-05-19 05:09:32 | HalfCheetah-v4_ppo_seed100_ent0.001_lr0.0001_normal | INFO | Update Info: policy_loss: -0.0277 | value_loss: 26.8291 | entropy_loss: 2.9856 | approx_kl: -0.0087 | clip_fraction: 0.1927
2025-05-19 05:09:32 | HalfCheetah-v4_ppo_seed100_ent0.001_lr0.0001_normal | INFO | Timings (avg ms): actor_pass: 0.12ms | critic_pass: 0.12ms | rollout_phase: 1541.43ms | backward_pass: 1.16ms | optimizer_step: 1.38ms | update_phase: 1529.21ms
2025-05-19 05:09:47 | HalfCheetah-v4_ppo_seed100_ent0.001_lr0.0001_normal | INFO | Step: 276480/1000000 | Avg Reward: 507.91 | Avg Length: 1000.0
2025-05-19 05:09:47 | HalfCheetah-v4_ppo_seed100_ent0.001_lr0.0001_normal | INFO | Update Info: policy_loss: -0.0286 | value_loss: 20.0465 | entropy_loss: 2.5269 | approx_kl: -0.0270 | clip_fraction: 0.3406
2025-05-19 05:09:47 | HalfCheetah-v4_ppo_seed100_ent0.001_lr0.0001_normal | INFO | Timings (avg ms): actor_pass: 0.12ms | critic_pass: 0.12ms | rollout_phase: 1546.03ms | backward_pass: 1.17ms | optimizer_step: 1.38ms | update_phase: 1538.97ms
2025-05-19 05:10:02 | HalfCheetah-v4_ppo_seed100_ent0.001_lr0.0001_normal | INFO | Step: 286720/1000000 | Avg Reward: 627.27 | Avg Length: 1000.0
2025-05-19 05:10:02 | HalfCheetah-v4_ppo_seed100_ent0.001_lr0.0001_normal | INFO | Update Info: policy_loss: -0.0284 | value_loss: 34.7219 | entropy_loss: 2.6574 | approx_kl: -0.0068 | clip_fraction: 0.1962
2025-05-19 05:10:02 | HalfCheetah-v4_ppo_seed100_ent0.001_lr0.0001_normal | INFO | Timings (avg ms): actor_pass: 0.12ms | critic_pass: 0.12ms | rollout_phase: 1561.58ms | backward_pass: 1.16ms | optimizer_step: 1.38ms | update_phase: 1534.78ms
2025-05-19 05:10:18 | HalfCheetah-v4_ppo_seed100_ent0.001_lr0.0001_normal | INFO | Step: 296960/1000000 | Avg Reward: 670.93 | Avg Length: 1000.0
2025-05-19 05:10:18 | HalfCheetah-v4_ppo_seed100_ent0.001_lr0.0001_normal | INFO | Update Info: policy_loss: -0.0248 | value_loss: 27.9622 | entropy_loss: 2.7974 | approx_kl: -0.0096 | clip_fraction: 0.1739
2025-05-19 05:10:18 | HalfCheetah-v4_ppo_seed100_ent0.001_lr0.0001_normal | INFO | Timings (avg ms): actor_pass: 0.12ms | critic_pass: 0.12ms | rollout_phase: 1526.19ms | backward_pass: 1.19ms | optimizer_step: 1.41ms | update_phase: 1562.65ms
2025-05-19 05:10:34 | HalfCheetah-v4_ppo_seed100_ent0.001_lr0.0001_normal | INFO | Step: 307200/1000000 | Avg Reward: 662.15 | Avg Length: 1000.0
2025-05-19 05:10:34 | HalfCheetah-v4_ppo_seed100_ent0.001_lr0.0001_normal | INFO | Update Info: policy_loss: -0.0230 | value_loss: 34.7730 | entropy_loss: 2.7553 | approx_kl: -0.0076 | clip_fraction: 0.1916
2025-05-19 05:10:34 | HalfCheetah-v4_ppo_seed100_ent0.001_lr0.0001_normal | INFO | Timings (avg ms): actor_pass: 0.12ms | critic_pass: 0.12ms | rollout_phase: 1530.29ms | backward_pass: 1.21ms | optimizer_step: 1.43ms | update_phase: 1591.13ms
2025-05-19 05:10:49 | HalfCheetah-v4_ppo_seed100_ent0.001_lr0.0001_normal | INFO | Step: 317440/1000000 | Avg Reward: 702.63 | Avg Length: 1000.0
2025-05-19 05:10:49 | HalfCheetah-v4_ppo_seed100_ent0.001_lr0.0001_normal | INFO | Update Info: policy_loss: -0.0214 | value_loss: 28.6780 | entropy_loss: 2.1511 | approx_kl: -0.0249 | clip_fraction: 0.3540
2025-05-19 05:10:49 | HalfCheetah-v4_ppo_seed100_ent0.001_lr0.0001_normal | INFO | Timings (avg ms): actor_pass: 0.12ms | critic_pass: 0.12ms | rollout_phase: 1505.26ms | backward_pass: 1.19ms | optimizer_step: 1.41ms | update_phase: 1563.02ms
2025-05-19 05:11:04 | HalfCheetah-v4_ppo_seed100_ent0.001_lr0.0001_normal | INFO | Step: 327680/1000000 | Avg Reward: 759.70 | Avg Length: 1000.0
2025-05-19 05:11:04 | HalfCheetah-v4_ppo_seed100_ent0.001_lr0.0001_normal | INFO | Update Info: policy_loss: -0.0222 | value_loss: 26.0163 | entropy_loss: 2.1453 | approx_kl: -0.0259 | clip_fraction: 0.2764
2025-05-19 05:11:04 | HalfCheetah-v4_ppo_seed100_ent0.001_lr0.0001_normal | INFO | Timings (avg ms): actor_pass: 0.12ms | critic_pass: 0.12ms | rollout_phase: 1522.22ms | backward_pass: 1.21ms | optimizer_step: 1.43ms | update_phase: 1587.78ms
2025-05-19 05:11:20 | HalfCheetah-v4_ppo_seed100_ent0.001_lr0.0001_normal | INFO | Step: 337920/1000000 | Avg Reward: 622.50 | Avg Length: 1000.0
2025-05-19 05:11:20 | HalfCheetah-v4_ppo_seed100_ent0.001_lr0.0001_normal | INFO | Update Info: policy_loss: -0.0256 | value_loss: 27.3662 | entropy_loss: 1.8558 | approx_kl: -0.0230 | clip_fraction: 0.2858
2025-05-19 05:11:20 | HalfCheetah-v4_ppo_seed100_ent0.001_lr0.0001_normal | INFO | Timings (avg ms): actor_pass: 0.12ms | critic_pass: 0.12ms | rollout_phase: 1548.64ms | backward_pass: 1.18ms | optimizer_step: 1.40ms | update_phase: 1555.99ms
2025-05-19 05:11:35 | HalfCheetah-v4_ppo_seed100_ent0.001_lr0.0001_normal | INFO | Step: 348160/1000000 | Avg Reward: 678.34 | Avg Length: 1000.0
2025-05-19 05:11:35 | HalfCheetah-v4_ppo_seed100_ent0.001_lr0.0001_normal | INFO | Update Info: policy_loss: -0.0257 | value_loss: 28.5845 | entropy_loss: 1.9025 | approx_kl: -0.0174 | clip_fraction: 0.2160
2025-05-19 05:11:35 | HalfCheetah-v4_ppo_seed100_ent0.001_lr0.0001_normal | INFO | Timings (avg ms): actor_pass: 0.12ms | critic_pass: 0.12ms | rollout_phase: 1533.09ms | backward_pass: 1.18ms | optimizer_step: 1.39ms | update_phase: 1547.95ms
2025-05-19 05:11:53 | HalfCheetah-v4_ppo_seed100_ent0.001_lr0.0001_normal | INFO | Step: 358400/1000000 | Avg Reward: 720.30 | Avg Length: 1000.0
2025-05-19 05:11:53 | HalfCheetah-v4_ppo_seed100_ent0.001_lr0.0001_normal | INFO | Update Info: policy_loss: -0.0228 | value_loss: 29.6143 | entropy_loss: 1.5283 | approx_kl: -0.0505 | clip_fraction: 0.3997
2025-05-19 05:11:53 | HalfCheetah-v4_ppo_seed100_ent0.001_lr0.0001_normal | INFO | Timings (avg ms): actor_pass: 0.14ms | critic_pass: 0.13ms | rollout_phase: 1817.74ms | backward_pass: 1.31ms | optimizer_step: 1.55ms | update_phase: 1725.88ms
2025-05-19 05:12:10 | HalfCheetah-v4_ppo_seed100_ent0.001_lr0.0001_normal | INFO | Step: 368640/1000000 | Avg Reward: 705.59 | Avg Length: 1000.0
2025-05-19 05:12:10 | HalfCheetah-v4_ppo_seed100_ent0.001_lr0.0001_normal | INFO | Update Info: policy_loss: -0.0211 | value_loss: 30.4265 | entropy_loss: 1.3630 | approx_kl: -0.0400 | clip_fraction: 0.3524
2025-05-19 05:12:10 | HalfCheetah-v4_ppo_seed100_ent0.001_lr0.0001_normal | INFO | Timings (avg ms): actor_pass: 0.14ms | critic_pass: 0.13ms | rollout_phase: 1740.76ms | backward_pass: 1.30ms | optimizer_step: 1.54ms | update_phase: 1711.29ms
2025-05-19 05:12:26 | HalfCheetah-v4_ppo_seed100_ent0.001_lr0.0001_normal | INFO | Step: 378880/1000000 | Avg Reward: 777.94 | Avg Length: 1000.0
2025-05-19 05:12:26 | HalfCheetah-v4_ppo_seed100_ent0.001_lr0.0001_normal | INFO | Update Info: policy_loss: -0.0253 | value_loss: 36.5431 | entropy_loss: 1.9773 | approx_kl: -0.0116 | clip_fraction: 0.1991
2025-05-19 05:12:26 | HalfCheetah-v4_ppo_seed100_ent0.001_lr0.0001_normal | INFO | Timings (avg ms): actor_pass: 0.12ms | critic_pass: 0.11ms | rollout_phase: 1519.23ms | backward_pass: 1.17ms | optimizer_step: 1.39ms | update_phase: 1540.20ms
2025-05-19 05:12:41 | HalfCheetah-v4_ppo_seed100_ent0.001_lr0.0001_normal | INFO | Step: 389120/1000000 | Avg Reward: 813.79 | Avg Length: 1000.0
2025-05-19 05:12:41 | HalfCheetah-v4_ppo_seed100_ent0.001_lr0.0001_normal | INFO | Update Info: policy_loss: -0.0209 | value_loss: 27.8907 | entropy_loss: 1.3614 | approx_kl: -0.0298 | clip_fraction: 0.3792
2025-05-19 05:12:41 | HalfCheetah-v4_ppo_seed100_ent0.001_lr0.0001_normal | INFO | Timings (avg ms): actor_pass: 0.12ms | critic_pass: 0.12ms | rollout_phase: 1527.90ms | backward_pass: 1.21ms | optimizer_step: 1.43ms | update_phase: 1586.36ms
2025-05-19 05:12:57 | HalfCheetah-v4_ppo_seed100_ent0.001_lr0.0001_normal | INFO | Step: 399360/1000000 | Avg Reward: 764.92 | Avg Length: 1000.0
2025-05-19 05:12:57 | HalfCheetah-v4_ppo_seed100_ent0.001_lr0.0001_normal | INFO | Update Info: policy_loss: -0.0281 | value_loss: 34.3756 | entropy_loss: 1.4262 | approx_kl: -0.0154 | clip_fraction: 0.2461
2025-05-19 05:12:57 | HalfCheetah-v4_ppo_seed100_ent0.001_lr0.0001_normal | INFO | Timings (avg ms): actor_pass: 0.12ms | critic_pass: 0.12ms | rollout_phase: 1546.65ms | backward_pass: 1.18ms | optimizer_step: 1.40ms | update_phase: 1554.14ms
2025-05-19 05:13:12 | HalfCheetah-v4_ppo_seed100_ent0.001_lr0.0001_normal | INFO | Step: 409600/1000000 | Avg Reward: 812.07 | Avg Length: 1000.0
2025-05-19 05:13:12 | HalfCheetah-v4_ppo_seed100_ent0.001_lr0.0001_normal | INFO | Update Info: policy_loss: -0.0218 | value_loss: 31.8572 | entropy_loss: 1.1869 | approx_kl: -0.0241 | clip_fraction: 0.2974
2025-05-19 05:13:12 | HalfCheetah-v4_ppo_seed100_ent0.001_lr0.0001_normal | INFO | Timings (avg ms): actor_pass: 0.12ms | critic_pass: 0.12ms | rollout_phase: 1537.96ms | backward_pass: 1.19ms | optimizer_step: 1.41ms | update_phase: 1560.52ms
2025-05-19 05:13:28 | HalfCheetah-v4_ppo_seed100_ent0.001_lr0.0001_normal | INFO | Step: 419840/1000000 | Avg Reward: 813.29 | Avg Length: 1000.0
2025-05-19 05:13:28 | HalfCheetah-v4_ppo_seed100_ent0.001_lr0.0001_normal | INFO | Update Info: policy_loss: -0.0251 | value_loss: 32.4036 | entropy_loss: 0.9115 | approx_kl: -0.0211 | clip_fraction: 0.2790
2025-05-19 05:13:28 | HalfCheetah-v4_ppo_seed100_ent0.001_lr0.0001_normal | INFO | Timings (avg ms): actor_pass: 0.12ms | critic_pass: 0.12ms | rollout_phase: 1515.71ms | backward_pass: 1.19ms | optimizer_step: 1.41ms | update_phase: 1564.50ms
2025-05-19 05:13:43 | HalfCheetah-v4_ppo_seed100_ent0.001_lr0.0001_normal | INFO | Step: 430080/1000000 | Avg Reward: 861.88 | Avg Length: 1000.0
2025-05-19 05:13:43 | HalfCheetah-v4_ppo_seed100_ent0.001_lr0.0001_normal | INFO | Update Info: policy_loss: -0.0249 | value_loss: 33.1801 | entropy_loss: 0.7195 | approx_kl: -0.0339 | clip_fraction: 0.3796
2025-05-19 05:13:43 | HalfCheetah-v4_ppo_seed100_ent0.001_lr0.0001_normal | INFO | Timings (avg ms): actor_pass: 0.12ms | critic_pass: 0.12ms | rollout_phase: 1532.08ms | backward_pass: 1.20ms | optimizer_step: 1.43ms | update_phase: 1585.55ms
2025-05-19 05:13:59 | HalfCheetah-v4_ppo_seed100_ent0.001_lr0.0001_normal | INFO | Step: 440320/1000000 | Avg Reward: 759.59 | Avg Length: 1000.0
2025-05-19 05:13:59 | HalfCheetah-v4_ppo_seed100_ent0.001_lr0.0001_normal | INFO | Update Info: policy_loss: -0.0210 | value_loss: 40.6948 | entropy_loss: 0.8501 | approx_kl: -0.0271 | clip_fraction: 0.3080
2025-05-19 05:13:59 | HalfCheetah-v4_ppo_seed100_ent0.001_lr0.0001_normal | INFO | Timings (avg ms): actor_pass: 0.12ms | critic_pass: 0.12ms | rollout_phase: 1522.11ms | backward_pass: 1.18ms | optimizer_step: 1.39ms | update_phase: 1547.34ms
2025-05-19 05:14:14 | HalfCheetah-v4_ppo_seed100_ent0.001_lr0.0001_normal | INFO | Step: 450560/1000000 | Avg Reward: 744.06 | Avg Length: 1000.0
2025-05-19 05:14:14 | HalfCheetah-v4_ppo_seed100_ent0.001_lr0.0001_normal | INFO | Update Info: policy_loss: -0.0255 | value_loss: 40.6393 | entropy_loss: 1.1177 | approx_kl: -0.0124 | clip_fraction: 0.1871
2025-05-19 05:14:14 | HalfCheetah-v4_ppo_seed100_ent0.001_lr0.0001_normal | INFO | Timings (avg ms): actor_pass: 0.12ms | critic_pass: 0.12ms | rollout_phase: 1525.25ms | backward_pass: 1.17ms | optimizer_step: 1.38ms | update_phase: 1537.51ms
2025-05-19 05:14:29 | HalfCheetah-v4_ppo_seed100_ent0.001_lr0.0001_normal | INFO | Step: 460800/1000000 | Avg Reward: 693.37 | Avg Length: 1000.0
2025-05-19 05:14:29 | HalfCheetah-v4_ppo_seed100_ent0.001_lr0.0001_normal | INFO | Update Info: policy_loss: -0.0217 | value_loss: 41.5760 | entropy_loss: 0.8806 | approx_kl: -0.0250 | clip_fraction: 0.2956
2025-05-19 05:14:29 | HalfCheetah-v4_ppo_seed100_ent0.001_lr0.0001_normal | INFO | Timings (avg ms): actor_pass: 0.12ms | critic_pass: 0.12ms | rollout_phase: 1540.09ms | backward_pass: 1.17ms | optimizer_step: 1.39ms | update_phase: 1541.39ms
2025-05-19 05:14:45 | HalfCheetah-v4_ppo_seed100_ent0.001_lr0.0001_normal | INFO | Step: 471040/1000000 | Avg Reward: 549.69 | Avg Length: 1000.0
2025-05-19 05:14:45 | HalfCheetah-v4_ppo_seed100_ent0.001_lr0.0001_normal | INFO | Update Info: policy_loss: -0.0247 | value_loss: 38.6269 | entropy_loss: 4.7684 | approx_kl: -0.0093 | clip_fraction: 0.1479
2025-05-19 05:14:45 | HalfCheetah-v4_ppo_seed100_ent0.001_lr0.0001_normal | INFO | Timings (avg ms): actor_pass: 0.12ms | critic_pass: 0.12ms | rollout_phase: 1520.14ms | backward_pass: 1.19ms | optimizer_step: 1.41ms | update_phase: 1563.98ms
2025-05-19 05:15:00 | HalfCheetah-v4_ppo_seed100_ent0.001_lr0.0001_normal | INFO | Step: 481280/1000000 | Avg Reward: 900.19 | Avg Length: 1000.0
2025-05-19 05:15:00 | HalfCheetah-v4_ppo_seed100_ent0.001_lr0.0001_normal | INFO | Update Info: policy_loss: -0.0228 | value_loss: 35.4593 | entropy_loss: 0.7361 | approx_kl: -0.0263 | clip_fraction: 0.3359
2025-05-19 05:15:00 | HalfCheetah-v4_ppo_seed100_ent0.001_lr0.0001_normal | INFO | Timings (avg ms): actor_pass: 0.12ms | critic_pass: 0.11ms | rollout_phase: 1525.84ms | backward_pass: 1.15ms | optimizer_step: 1.37ms | update_phase: 1517.43ms
2025-05-19 05:15:15 | HalfCheetah-v4_ppo_seed100_ent0.001_lr0.0001_normal | INFO | Step: 491520/1000000 | Avg Reward: 905.46 | Avg Length: 1000.0
2025-05-19 05:15:15 | HalfCheetah-v4_ppo_seed100_ent0.001_lr0.0001_normal | INFO | Update Info: policy_loss: -0.0226 | value_loss: 38.5425 | entropy_loss: 0.5740 | approx_kl: -0.0190 | clip_fraction: 0.2899
2025-05-19 05:15:15 | HalfCheetah-v4_ppo_seed100_ent0.001_lr0.0001_normal | INFO | Timings (avg ms): actor_pass: 0.12ms | critic_pass: 0.12ms | rollout_phase: 1534.12ms | backward_pass: 1.18ms | optimizer_step: 1.40ms | update_phase: 1549.27ms
2025-05-19 05:15:31 | HalfCheetah-v4_ppo_seed100_ent0.001_lr0.0001_normal | INFO | Step: 501760/1000000 | Avg Reward: 886.18 | Avg Length: 1000.0
2025-05-19 05:15:31 | HalfCheetah-v4_ppo_seed100_ent0.001_lr0.0001_normal | INFO | Update Info: policy_loss: -0.0241 | value_loss: 37.0824 | entropy_loss: 0.3918 | approx_kl: -0.0248 | clip_fraction: 0.3214
2025-05-19 05:15:31 | HalfCheetah-v4_ppo_seed100_ent0.001_lr0.0001_normal | INFO | Timings (avg ms): actor_pass: 0.12ms | critic_pass: 0.11ms | rollout_phase: 1504.45ms | backward_pass: 1.18ms | optimizer_step: 1.40ms | update_phase: 1559.58ms
2025-05-19 05:15:34 | HalfCheetah-v4_ppo_seed100_ent0.001_lr0.0001_normal | INFO | Starting evaluation (3 episodes, deterministic=True)...
2025-05-19 05:16:12 | HalfCheetah-v4_ppo_seed100_ent0.001_lr0.0001_normal | INFO | Evaluation Complete: Avg Reward = 951.74 (over 3 eps)
2025-05-19 05:16:17 | HalfCheetah-v4_ppo_seed100_ent0.001_lr0.0001_normal | INFO | Saved best evaluation video: eval_step503808_detTrue_bestR1013.3.mp4
2025-05-19 05:16:29 | HalfCheetah-v4_ppo_seed100_ent0.001_lr0.0001_normal | INFO | Step: 512000/1000000 | Avg Reward: 978.57 | Avg Length: 1000.0
2025-05-19 05:16:29 | HalfCheetah-v4_ppo_seed100_ent0.001_lr0.0001_normal | INFO | Update Info: policy_loss: -0.0201 | value_loss: 58.9237 | entropy_loss: 0.1849 | approx_kl: -0.0251 | clip_fraction: 0.3395
2025-05-19 05:16:29 | HalfCheetah-v4_ppo_seed100_ent0.001_lr0.0001_normal | INFO | Timings (avg ms): actor_pass: 0.13ms | critic_pass: 0.11ms | rollout_phase: 1550.20ms | backward_pass: 1.21ms | optimizer_step: 1.43ms | update_phase: 1588.49ms | eval_action_select: 0.79ms | eval_env_interact: 0.18ms
2025-05-19 05:16:45 | HalfCheetah-v4_ppo_seed100_ent0.001_lr0.0001_normal | INFO | Step: 522240/1000000 | Avg Reward: 963.62 | Avg Length: 1000.0
2025-05-19 05:16:45 | HalfCheetah-v4_ppo_seed100_ent0.001_lr0.0001_normal | INFO | Update Info: policy_loss: -0.0141 | value_loss: 38.7791 | entropy_loss: -0.1191 | approx_kl: -0.0596 | clip_fraction: 0.4714
2025-05-19 05:16:45 | HalfCheetah-v4_ppo_seed100_ent0.001_lr0.0001_normal | INFO | Timings (avg ms): actor_pass: 0.12ms | critic_pass: 0.12ms | rollout_phase: 1534.82ms | backward_pass: 1.19ms | optimizer_step: 1.41ms | update_phase: 1567.92ms
2025-05-19 05:17:00 | HalfCheetah-v4_ppo_seed100_ent0.001_lr0.0001_normal | INFO | Step: 532480/1000000 | Avg Reward: 908.71 | Avg Length: 1000.0
2025-05-19 05:17:00 | HalfCheetah-v4_ppo_seed100_ent0.001_lr0.0001_normal | INFO | Update Info: policy_loss: -0.0170 | value_loss: 42.1893 | entropy_loss: -0.1455 | approx_kl: -0.0349 | clip_fraction: 0.3332
2025-05-19 05:17:00 | HalfCheetah-v4_ppo_seed100_ent0.001_lr0.0001_normal | INFO | Timings (avg ms): actor_pass: 0.12ms | critic_pass: 0.12ms | rollout_phase: 1517.73ms | backward_pass: 1.19ms | optimizer_step: 1.41ms | update_phase: 1570.11ms
2025-05-19 05:17:16 | HalfCheetah-v4_ppo_seed100_ent0.001_lr0.0001_normal | INFO | Step: 542720/1000000 | Avg Reward: 947.30 | Avg Length: 1000.0
2025-05-19 05:17:16 | HalfCheetah-v4_ppo_seed100_ent0.001_lr0.0001_normal | INFO | Update Info: policy_loss: -0.0218 | value_loss: 41.8184 | entropy_loss: -0.2321 | approx_kl: -0.0162 | clip_fraction: 0.2975
2025-05-19 05:17:16 | HalfCheetah-v4_ppo_seed100_ent0.001_lr0.0001_normal | INFO | Timings (avg ms): actor_pass: 0.13ms | critic_pass: 0.12ms | rollout_phase: 1564.29ms | backward_pass: 1.19ms | optimizer_step: 1.41ms | update_phase: 1570.37ms
2025-05-19 05:17:32 | HalfCheetah-v4_ppo_seed100_ent0.001_lr0.0001_normal | INFO | Step: 552960/1000000 | Avg Reward: 970.72 | Avg Length: 1000.0
2025-05-19 05:17:32 | HalfCheetah-v4_ppo_seed100_ent0.001_lr0.0001_normal | INFO | Update Info: policy_loss: -0.0175 | value_loss: 40.0225 | entropy_loss: -0.6347 | approx_kl: -0.0472 | clip_fraction: 0.4020
2025-05-19 05:17:32 | HalfCheetah-v4_ppo_seed100_ent0.001_lr0.0001_normal | INFO | Timings (avg ms): actor_pass: 0.12ms | critic_pass: 0.12ms | rollout_phase: 1526.47ms | backward_pass: 1.19ms | optimizer_step: 1.41ms | update_phase: 1570.46ms
2025-05-19 05:17:47 | HalfCheetah-v4_ppo_seed100_ent0.001_lr0.0001_normal | INFO | Step: 563200/1000000 | Avg Reward: 936.63 | Avg Length: 1000.0
2025-05-19 05:17:47 | HalfCheetah-v4_ppo_seed100_ent0.001_lr0.0001_normal | INFO | Update Info: policy_loss: -0.0183 | value_loss: 38.0654 | entropy_loss: -0.6036 | approx_kl: -0.0328 | clip_fraction: 0.3966
2025-05-19 05:17:47 | HalfCheetah-v4_ppo_seed100_ent0.001_lr0.0001_normal | INFO | Timings (avg ms): actor_pass: 0.12ms | critic_pass: 0.12ms | rollout_phase: 1536.08ms | backward_pass: 1.16ms | optimizer_step: 1.37ms | update_phase: 1523.34ms
2025-05-19 05:18:02 | HalfCheetah-v4_ppo_seed100_ent0.001_lr0.0001_normal | INFO | Step: 573440/1000000 | Avg Reward: 932.16 | Avg Length: 1000.0
2025-05-19 05:18:02 | HalfCheetah-v4_ppo_seed100_ent0.001_lr0.0001_normal | INFO | Update Info: policy_loss: -0.0166 | value_loss: 42.3303 | entropy_loss: -0.5429 | approx_kl: -0.0481 | clip_fraction: 0.4402
2025-05-19 05:18:02 | HalfCheetah-v4_ppo_seed100_ent0.001_lr0.0001_normal | INFO | Timings (avg ms): actor_pass: 0.12ms | critic_pass: 0.12ms | rollout_phase: 1544.84ms | backward_pass: 1.17ms | optimizer_step: 1.38ms | update_phase: 1536.35ms
2025-05-19 05:18:17 | HalfCheetah-v4_ppo_seed100_ent0.001_lr0.0001_normal | INFO | Step: 583680/1000000 | Avg Reward: 996.35 | Avg Length: 1000.0
2025-05-19 05:18:17 | HalfCheetah-v4_ppo_seed100_ent0.001_lr0.0001_normal | INFO | Update Info: policy_loss: -0.0181 | value_loss: 44.4600 | entropy_loss: -0.6284 | approx_kl: -0.0443 | clip_fraction: 0.4077
2025-05-19 05:18:17 | HalfCheetah-v4_ppo_seed100_ent0.001_lr0.0001_normal | INFO | Timings (avg ms): actor_pass: 0.12ms | critic_pass: 0.12ms | rollout_phase: 1529.85ms | backward_pass: 1.15ms | optimizer_step: 1.37ms | update_phase: 1519.28ms
2025-05-19 05:18:33 | HalfCheetah-v4_ppo_seed100_ent0.001_lr0.0001_normal | INFO | Step: 593920/1000000 | Avg Reward: 991.49 | Avg Length: 1000.0
2025-05-19 05:18:33 | HalfCheetah-v4_ppo_seed100_ent0.001_lr0.0001_normal | INFO | Update Info: policy_loss: -0.0228 | value_loss: 51.7255 | entropy_loss: -0.4497 | approx_kl: -0.0163 | clip_fraction: 0.2487
2025-05-19 05:18:33 | HalfCheetah-v4_ppo_seed100_ent0.001_lr0.0001_normal | INFO | Timings (avg ms): actor_pass: 0.12ms | critic_pass: 0.12ms | rollout_phase: 1525.14ms | backward_pass: 1.17ms | optimizer_step: 1.38ms | update_phase: 1544.59ms
2025-05-19 05:18:48 | HalfCheetah-v4_ppo_seed100_ent0.001_lr0.0001_normal | INFO | Step: 604160/1000000 | Avg Reward: 1019.47 | Avg Length: 1000.0
2025-05-19 05:18:48 | HalfCheetah-v4_ppo_seed100_ent0.001_lr0.0001_normal | INFO | Update Info: policy_loss: -0.0148 | value_loss: 44.3284 | entropy_loss: -0.6581 | approx_kl: -0.0690 | clip_fraction: 0.4647
2025-05-19 05:18:48 | HalfCheetah-v4_ppo_seed100_ent0.001_lr0.0001_normal | INFO | Timings (avg ms): actor_pass: 0.12ms | critic_pass: 0.11ms | rollout_phase: 1516.19ms | backward_pass: 1.15ms | optimizer_step: 1.37ms | update_phase: 1517.30ms
2025-05-19 05:19:03 | HalfCheetah-v4_ppo_seed100_ent0.001_lr0.0001_normal | INFO | Step: 614400/1000000 | Avg Reward: 1062.17 | Avg Length: 1000.0
2025-05-19 05:19:03 | HalfCheetah-v4_ppo_seed100_ent0.001_lr0.0001_normal | INFO | Update Info: policy_loss: -0.0149 | value_loss: 45.2194 | entropy_loss: -1.0508 | approx_kl: -0.0498 | clip_fraction: 0.4567
2025-05-19 05:19:03 | HalfCheetah-v4_ppo_seed100_ent0.001_lr0.0001_normal | INFO | Timings (avg ms): actor_pass: 0.12ms | critic_pass: 0.12ms | rollout_phase: 1528.14ms | backward_pass: 1.16ms | optimizer_step: 1.37ms | update_phase: 1530.93ms
2025-05-19 05:19:19 | HalfCheetah-v4_ppo_seed100_ent0.001_lr0.0001_normal | INFO | Step: 624640/1000000 | Avg Reward: 1026.39 | Avg Length: 1000.0
2025-05-19 05:19:19 | HalfCheetah-v4_ppo_seed100_ent0.001_lr0.0001_normal | INFO | Update Info: policy_loss: -0.0161 | value_loss: 47.4221 | entropy_loss: -0.9031 | approx_kl: -0.0380 | clip_fraction: 0.3614
2025-05-19 05:19:19 | HalfCheetah-v4_ppo_seed100_ent0.001_lr0.0001_normal | INFO | Timings (avg ms): actor_pass: 0.12ms | critic_pass: 0.12ms | rollout_phase: 1520.98ms | backward_pass: 1.16ms | optimizer_step: 1.37ms | update_phase: 1526.78ms
2025-05-19 05:19:34 | HalfCheetah-v4_ppo_seed100_ent0.001_lr0.0001_normal | INFO | Step: 634880/1000000 | Avg Reward: 977.85 | Avg Length: 1000.0
2025-05-19 05:19:34 | HalfCheetah-v4_ppo_seed100_ent0.001_lr0.0001_normal | INFO | Update Info: policy_loss: -0.0192 | value_loss: 50.7996 | entropy_loss: -0.9079 | approx_kl: -0.0397 | clip_fraction: 0.3523
2025-05-19 05:19:34 | HalfCheetah-v4_ppo_seed100_ent0.001_lr0.0001_normal | INFO | Timings (avg ms): actor_pass: 0.12ms | critic_pass: 0.11ms | rollout_phase: 1509.06ms | backward_pass: 1.15ms | optimizer_step: 1.36ms | update_phase: 1512.80ms
2025-05-19 05:19:49 | HalfCheetah-v4_ppo_seed100_ent0.001_lr0.0001_normal | INFO | Step: 645120/1000000 | Avg Reward: 1054.75 | Avg Length: 1000.0
2025-05-19 05:19:49 | HalfCheetah-v4_ppo_seed100_ent0.001_lr0.0001_normal | INFO | Update Info: policy_loss: -0.0170 | value_loss: 44.2335 | entropy_loss: -1.0891 | approx_kl: -0.0337 | clip_fraction: 0.4235
2025-05-19 05:19:49 | HalfCheetah-v4_ppo_seed100_ent0.001_lr0.0001_normal | INFO | Timings (avg ms): actor_pass: 0.12ms | critic_pass: 0.11ms | rollout_phase: 1513.89ms | backward_pass: 1.16ms | optimizer_step: 1.37ms | update_phase: 1525.47ms
2025-05-19 05:20:04 | HalfCheetah-v4_ppo_seed100_ent0.001_lr0.0001_normal | INFO | Step: 655360/1000000 | Avg Reward: 1058.86 | Avg Length: 1000.0
2025-05-19 05:20:04 | HalfCheetah-v4_ppo_seed100_ent0.001_lr0.0001_normal | INFO | Update Info: policy_loss: -0.0199 | value_loss: 46.8721 | entropy_loss: -1.2402 | approx_kl: -0.0345 | clip_fraction: 0.4071
2025-05-19 05:20:04 | HalfCheetah-v4_ppo_seed100_ent0.001_lr0.0001_normal | INFO | Timings (avg ms): actor_pass: 0.12ms | critic_pass: 0.11ms | rollout_phase: 1505.94ms | backward_pass: 1.19ms | optimizer_step: 1.41ms | update_phase: 1571.06ms
2025-05-19 05:20:19 | HalfCheetah-v4_ppo_seed100_ent0.001_lr0.0001_normal | INFO | Step: 665600/1000000 | Avg Reward: 864.76 | Avg Length: 1000.0
2025-05-19 05:20:19 | HalfCheetah-v4_ppo_seed100_ent0.001_lr0.0001_normal | INFO | Update Info: policy_loss: -0.0253 | value_loss: 50.2045 | entropy_loss: -1.0161 | approx_kl: -0.0108 | clip_fraction: 0.2724
2025-05-19 05:20:19 | HalfCheetah-v4_ppo_seed100_ent0.001_lr0.0001_normal | INFO | Timings (avg ms): actor_pass: 0.12ms | critic_pass: 0.11ms | rollout_phase: 1518.54ms | backward_pass: 1.15ms | optimizer_step: 1.36ms | update_phase: 1510.42ms
2025-05-19 05:20:35 | HalfCheetah-v4_ppo_seed100_ent0.001_lr0.0001_normal | INFO | Step: 675840/1000000 | Avg Reward: 466.45 | Avg Length: 1000.0
2025-05-19 05:20:35 | HalfCheetah-v4_ppo_seed100_ent0.001_lr0.0001_normal | INFO | Update Info: policy_loss: -0.0274 | value_loss: 33.2006 | entropy_loss: -0.3044 | approx_kl: -0.0227 | clip_fraction: 0.3273
2025-05-19 05:20:35 | HalfCheetah-v4_ppo_seed100_ent0.001_lr0.0001_normal | INFO | Timings (avg ms): actor_pass: 0.13ms | critic_pass: 0.12ms | rollout_phase: 1579.20ms | backward_pass: 1.22ms | optimizer_step: 1.45ms | update_phase: 1608.51ms
2025-05-19 05:20:51 | HalfCheetah-v4_ppo_seed100_ent0.001_lr0.0001_normal | INFO | Step: 686080/1000000 | Avg Reward: 1047.93 | Avg Length: 1000.0
2025-05-19 05:20:51 | HalfCheetah-v4_ppo_seed100_ent0.001_lr0.0001_normal | INFO | Update Info: policy_loss: -0.0229 | value_loss: 57.3020 | entropy_loss: -1.1304 | approx_kl: -0.0454 | clip_fraction: 0.3350
2025-05-19 05:20:51 | HalfCheetah-v4_ppo_seed100_ent0.001_lr0.0001_normal | INFO | Timings (avg ms): actor_pass: 0.12ms | critic_pass: 0.12ms | rollout_phase: 1547.02ms | backward_pass: 1.19ms | optimizer_step: 1.40ms | update_phase: 1562.94ms
2025-05-19 05:21:06 | HalfCheetah-v4_ppo_seed100_ent0.001_lr0.0001_normal | INFO | Step: 696320/1000000 | Avg Reward: 1072.41 | Avg Length: 1000.0
2025-05-19 05:21:06 | HalfCheetah-v4_ppo_seed100_ent0.001_lr0.0001_normal | INFO | Update Info: policy_loss: -0.0075 | value_loss: 50.9153 | entropy_loss: -1.3932 | approx_kl: -0.0827 | clip_fraction: 0.4572
2025-05-19 05:21:06 | HalfCheetah-v4_ppo_seed100_ent0.001_lr0.0001_normal | INFO | Timings (avg ms): actor_pass: 0.12ms | critic_pass: 0.12ms | rollout_phase: 1556.81ms | backward_pass: 1.17ms | optimizer_step: 1.39ms | update_phase: 1542.27ms
2025-05-19 05:21:22 | HalfCheetah-v4_ppo_seed100_ent0.001_lr0.0001_normal | INFO | Step: 706560/1000000 | Avg Reward: 1023.04 | Avg Length: 1000.0
2025-05-19 05:21:22 | HalfCheetah-v4_ppo_seed100_ent0.001_lr0.0001_normal | INFO | Update Info: policy_loss: -0.0232 | value_loss: 53.4485 | entropy_loss: -1.2797 | approx_kl: -0.0382 | clip_fraction: 0.3482
2025-05-19 05:21:22 | HalfCheetah-v4_ppo_seed100_ent0.001_lr0.0001_normal | INFO | Timings (avg ms): actor_pass: 0.12ms | critic_pass: 0.11ms | rollout_phase: 1502.38ms | backward_pass: 1.15ms | optimizer_step: 1.38ms | update_phase: 1524.72ms
2025-05-19 05:21:37 | HalfCheetah-v4_ppo_seed100_ent0.001_lr0.0001_normal | INFO | Step: 716800/1000000 | Avg Reward: 1033.97 | Avg Length: 1000.0
2025-05-19 05:21:37 | HalfCheetah-v4_ppo_seed100_ent0.001_lr0.0001_normal | INFO | Update Info: policy_loss: -0.0243 | value_loss: 50.1041 | entropy_loss: -1.3018 | approx_kl: -0.0306 | clip_fraction: 0.3390
2025-05-19 05:21:37 | HalfCheetah-v4_ppo_seed100_ent0.001_lr0.0001_normal | INFO | Timings (avg ms): actor_pass: 0.12ms | critic_pass: 0.12ms | rollout_phase: 1518.89ms | backward_pass: 1.17ms | optimizer_step: 1.40ms | update_phase: 1551.14ms
2025-05-19 05:21:52 | HalfCheetah-v4_ppo_seed100_ent0.001_lr0.0001_normal | INFO | Step: 727040/1000000 | Avg Reward: 1070.96 | Avg Length: 1000.0
2025-05-19 05:21:52 | HalfCheetah-v4_ppo_seed100_ent0.001_lr0.0001_normal | INFO | Update Info: policy_loss: -0.0184 | value_loss: 60.9476 | entropy_loss: -1.3783 | approx_kl: -0.0376 | clip_fraction: 0.3854
2025-05-19 05:21:52 | HalfCheetah-v4_ppo_seed100_ent0.001_lr0.0001_normal | INFO | Timings (avg ms): actor_pass: 0.12ms | critic_pass: 0.11ms | rollout_phase: 1506.62ms | backward_pass: 1.17ms | optimizer_step: 1.38ms | update_phase: 1537.85ms
2025-05-19 05:22:08 | HalfCheetah-v4_ppo_seed100_ent0.001_lr0.0001_normal | INFO | Step: 737280/1000000 | Avg Reward: 1064.15 | Avg Length: 1000.0
2025-05-19 05:22:08 | HalfCheetah-v4_ppo_seed100_ent0.001_lr0.0001_normal | INFO | Update Info: policy_loss: -0.0167 | value_loss: 47.1429 | entropy_loss: -1.5094 | approx_kl: -0.0436 | clip_fraction: 0.3874
2025-05-19 05:22:08 | HalfCheetah-v4_ppo_seed100_ent0.001_lr0.0001_normal | INFO | Timings (avg ms): actor_pass: 0.12ms | critic_pass: 0.12ms | rollout_phase: 1532.48ms | backward_pass: 1.18ms | optimizer_step: 1.40ms | update_phase: 1552.93ms
2025-05-19 05:22:23 | HalfCheetah-v4_ppo_seed100_ent0.001_lr0.0001_normal | INFO | Step: 747520/1000000 | Avg Reward: 1102.81 | Avg Length: 1000.0
2025-05-19 05:22:23 | HalfCheetah-v4_ppo_seed100_ent0.001_lr0.0001_normal | INFO | Update Info: policy_loss: -0.0215 | value_loss: 47.9397 | entropy_loss: -1.4661 | approx_kl: -0.0287 | clip_fraction: 0.3776
2025-05-19 05:22:23 | HalfCheetah-v4_ppo_seed100_ent0.001_lr0.0001_normal | INFO | Timings (avg ms): actor_pass: 0.12ms | critic_pass: 0.12ms | rollout_phase: 1520.21ms | backward_pass: 1.16ms | optimizer_step: 1.38ms | update_phase: 1531.92ms
2025-05-19 05:22:35 | HalfCheetah-v4_ppo_seed100_ent0.001_lr0.0001_normal | INFO | Starting evaluation (3 episodes, deterministic=True)...
2025-05-19 05:23:13 | HalfCheetah-v4_ppo_seed100_ent0.001_lr0.0001_normal | INFO | Evaluation Complete: Avg Reward = 1104.19 (over 3 eps)
2025-05-19 05:23:17 | HalfCheetah-v4_ppo_seed100_ent0.001_lr0.0001_normal | INFO | Saved best evaluation video: eval_step755712_detTrue_bestR1131.9.mp4
2025-05-19 05:23:20 | HalfCheetah-v4_ppo_seed100_ent0.001_lr0.0001_normal | INFO | Step: 757760/1000000 | Avg Reward: 972.93 | Avg Length: 1000.0
2025-05-19 05:23:20 | HalfCheetah-v4_ppo_seed100_ent0.001_lr0.0001_normal | INFO | Update Info: policy_loss: -0.0238 | value_loss: 52.1629 | entropy_loss: -1.0188 | approx_kl: -0.0125 | clip_fraction: 0.2555
2025-05-19 05:23:20 | HalfCheetah-v4_ppo_seed100_ent0.001_lr0.0001_normal | INFO | Timings (avg ms): actor_pass: 0.13ms | critic_pass: 0.11ms | rollout_phase: 1518.88ms | backward_pass: 1.17ms | optimizer_step: 1.38ms | update_phase: 1537.26ms | eval_action_select: 0.78ms | eval_env_interact: 0.18ms
2025-05-19 05:23:36 | HalfCheetah-v4_ppo_seed100_ent0.001_lr0.0001_normal | INFO | Step: 768000/1000000 | Avg Reward: 1086.25 | Avg Length: 1000.0
2025-05-19 05:23:36 | HalfCheetah-v4_ppo_seed100_ent0.001_lr0.0001_normal | INFO | Update Info: policy_loss: -0.0225 | value_loss: 67.0923 | entropy_loss: -1.2841 | approx_kl: -0.0224 | clip_fraction: 0.3509
2025-05-19 05:23:36 | HalfCheetah-v4_ppo_seed100_ent0.001_lr0.0001_normal | INFO | Timings (avg ms): actor_pass: 0.12ms | critic_pass: 0.11ms | rollout_phase: 1523.50ms | backward_pass: 1.16ms | optimizer_step: 1.37ms | update_phase: 1522.66ms
2025-05-19 05:23:52 | HalfCheetah-v4_ppo_seed100_ent0.001_lr0.0001_normal | INFO | Step: 778240/1000000 | Avg Reward: 1142.25 | Avg Length: 1000.0
2025-05-19 05:23:52 | HalfCheetah-v4_ppo_seed100_ent0.001_lr0.0001_normal | INFO | Update Info: policy_loss: -0.0123 | value_loss: 48.0081 | entropy_loss: -1.4465 | approx_kl: -0.0486 | clip_fraction: 0.4405
2025-05-19 05:23:52 | HalfCheetah-v4_ppo_seed100_ent0.001_lr0.0001_normal | INFO | Timings (avg ms): actor_pass: 0.13ms | critic_pass: 0.12ms | rollout_phase: 1584.42ms | backward_pass: 1.23ms | optimizer_step: 1.46ms | update_phase: 1619.73ms
2025-05-19 05:24:07 | HalfCheetah-v4_ppo_seed100_ent0.001_lr0.0001_normal | INFO | Step: 788480/1000000 | Avg Reward: 1023.32 | Avg Length: 1000.0
2025-05-19 05:24:07 | HalfCheetah-v4_ppo_seed100_ent0.001_lr0.0001_normal | INFO | Update Info: policy_loss: -0.0224 | value_loss: 53.3371 | entropy_loss: -1.4901 | approx_kl: -0.0295 | clip_fraction: 0.3524
2025-05-19 05:24:07 | HalfCheetah-v4_ppo_seed100_ent0.001_lr0.0001_normal | INFO | Timings (avg ms): actor_pass: 0.12ms | critic_pass: 0.12ms | rollout_phase: 1523.28ms | backward_pass: 1.19ms | optimizer_step: 1.41ms | update_phase: 1565.53ms
2025-05-19 05:24:22 | HalfCheetah-v4_ppo_seed100_ent0.001_lr0.0001_normal | INFO | Step: 798720/1000000 | Avg Reward: 523.11 | Avg Length: 1000.0
2025-05-19 05:24:22 | HalfCheetah-v4_ppo_seed100_ent0.001_lr0.0001_normal | INFO | Update Info: policy_loss: -0.0207 | value_loss: 39.8680 | entropy_loss: 3.0278 | approx_kl: -0.0073 | clip_fraction: 0.1557
2025-05-19 05:24:22 | HalfCheetah-v4_ppo_seed100_ent0.001_lr0.0001_normal | INFO | Timings (avg ms): actor_pass: 0.12ms | critic_pass: 0.11ms | rollout_phase: 1498.14ms | backward_pass: 1.19ms | optimizer_step: 1.41ms | update_phase: 1564.53ms
2025-05-19 05:24:38 | HalfCheetah-v4_ppo_seed100_ent0.001_lr0.0001_normal | INFO | Step: 808960/1000000 | Avg Reward: 1125.91 | Avg Length: 1000.0
2025-05-19 05:24:38 | HalfCheetah-v4_ppo_seed100_ent0.001_lr0.0001_normal | INFO | Update Info: policy_loss: -0.0194 | value_loss: 50.5086 | entropy_loss: -1.7775 | approx_kl: -0.0450 | clip_fraction: 0.3953
2025-05-19 05:24:38 | HalfCheetah-v4_ppo_seed100_ent0.001_lr0.0001_normal | INFO | Timings (avg ms): actor_pass: 0.12ms | critic_pass: 0.12ms | rollout_phase: 1515.81ms | backward_pass: 1.18ms | optimizer_step: 1.40ms | update_phase: 1553.27ms
2025-05-19 05:24:53 | HalfCheetah-v4_ppo_seed100_ent0.001_lr0.0001_normal | INFO | Step: 819200/1000000 | Avg Reward: 1179.40 | Avg Length: 1000.0
2025-05-19 05:24:53 | HalfCheetah-v4_ppo_seed100_ent0.001_lr0.0001_normal | INFO | Update Info: policy_loss: -0.0128 | value_loss: 50.1494 | entropy_loss: -1.8893 | approx_kl: -0.0490 | clip_fraction: 0.4242
2025-05-19 05:24:53 | HalfCheetah-v4_ppo_seed100_ent0.001_lr0.0001_normal | INFO | Timings (avg ms): actor_pass: 0.12ms | critic_pass: 0.12ms | rollout_phase: 1547.76ms | backward_pass: 1.17ms | optimizer_step: 1.39ms | update_phase: 1543.70ms
2025-05-19 05:25:09 | HalfCheetah-v4_ppo_seed100_ent0.001_lr0.0001_normal | INFO | Step: 829440/1000000 | Avg Reward: 1065.29 | Avg Length: 1000.0
2025-05-19 05:25:09 | HalfCheetah-v4_ppo_seed100_ent0.001_lr0.0001_normal | INFO | Update Info: policy_loss: -0.0163 | value_loss: 52.0307 | entropy_loss: -1.9104 | approx_kl: -0.0250 | clip_fraction: 0.3517
2025-05-19 05:25:09 | HalfCheetah-v4_ppo_seed100_ent0.001_lr0.0001_normal | INFO | Timings (avg ms): actor_pass: 0.12ms | critic_pass: 0.12ms | rollout_phase: 1535.20ms | backward_pass: 1.18ms | optimizer_step: 1.40ms | update_phase: 1555.61ms
2025-05-19 05:25:24 | HalfCheetah-v4_ppo_seed100_ent0.001_lr0.0001_normal | INFO | Step: 839680/1000000 | Avg Reward: 1116.60 | Avg Length: 1000.0
2025-05-19 05:25:24 | HalfCheetah-v4_ppo_seed100_ent0.001_lr0.0001_normal | INFO | Update Info: policy_loss: -0.0169 | value_loss: 50.2927 | entropy_loss: -2.0016 | approx_kl: -0.0456 | clip_fraction: 0.4361
2025-05-19 05:25:24 | HalfCheetah-v4_ppo_seed100_ent0.001_lr0.0001_normal | INFO | Timings (avg ms): actor_pass: 0.12ms | critic_pass: 0.12ms | rollout_phase: 1519.66ms | backward_pass: 1.17ms | optimizer_step: 1.38ms | update_phase: 1531.86ms
2025-05-19 05:25:39 | HalfCheetah-v4_ppo_seed100_ent0.001_lr0.0001_normal | INFO | Step: 849920/1000000 | Avg Reward: 1158.79 | Avg Length: 1000.0
2025-05-19 05:25:39 | HalfCheetah-v4_ppo_seed100_ent0.001_lr0.0001_normal | INFO | Update Info: policy_loss: -0.0171 | value_loss: 55.0891 | entropy_loss: -1.9123 | approx_kl: -0.0341 | clip_fraction: 0.3626
2025-05-19 05:25:39 | HalfCheetah-v4_ppo_seed100_ent0.001_lr0.0001_normal | INFO | Timings (avg ms): actor_pass: 0.13ms | critic_pass: 0.12ms | rollout_phase: 1553.00ms | backward_pass: 1.19ms | optimizer_step: 1.41ms | update_phase: 1567.70ms
2025-05-19 05:25:55 | HalfCheetah-v4_ppo_seed100_ent0.001_lr0.0001_normal | INFO | Step: 860160/1000000 | Avg Reward: 1201.71 | Avg Length: 1000.0
2025-05-19 05:25:55 | HalfCheetah-v4_ppo_seed100_ent0.001_lr0.0001_normal | INFO | Update Info: policy_loss: -0.0151 | value_loss: 52.9639 | entropy_loss: -2.1158 | approx_kl: -0.0545 | clip_fraction: 0.4731
2025-05-19 05:25:55 | HalfCheetah-v4_ppo_seed100_ent0.001_lr0.0001_normal | INFO | Timings (avg ms): actor_pass: 0.12ms | critic_pass: 0.11ms | rollout_phase: 1510.20ms | backward_pass: 1.18ms | optimizer_step: 1.40ms | update_phase: 1552.41ms
2025-05-19 05:26:10 | HalfCheetah-v4_ppo_seed100_ent0.001_lr0.0001_normal | INFO | Step: 870400/1000000 | Avg Reward: 1167.54 | Avg Length: 1000.0
2025-05-19 05:26:10 | HalfCheetah-v4_ppo_seed100_ent0.001_lr0.0001_normal | INFO | Update Info: policy_loss: -0.0197 | value_loss: 56.7680 | entropy_loss: -2.2396 | approx_kl: -0.0290 | clip_fraction: 0.3697
2025-05-19 05:26:10 | HalfCheetah-v4_ppo_seed100_ent0.001_lr0.0001_normal | INFO | Timings (avg ms): actor_pass: 0.12ms | critic_pass: 0.12ms | rollout_phase: 1513.16ms | backward_pass: 1.21ms | optimizer_step: 1.44ms | update_phase: 1599.38ms
2025-05-19 05:26:26 | HalfCheetah-v4_ppo_seed100_ent0.001_lr0.0001_normal | INFO | Step: 880640/1000000 | Avg Reward: 1212.33 | Avg Length: 1000.0
2025-05-19 05:26:26 | HalfCheetah-v4_ppo_seed100_ent0.001_lr0.0001_normal | INFO | Update Info: policy_loss: -0.0150 | value_loss: 56.2385 | entropy_loss: -2.3213 | approx_kl: -0.0482 | clip_fraction: 0.4256
2025-05-19 05:26:26 | HalfCheetah-v4_ppo_seed100_ent0.001_lr0.0001_normal | INFO | Timings (avg ms): actor_pass: 0.12ms | critic_pass: 0.12ms | rollout_phase: 1526.50ms | backward_pass: 1.17ms | optimizer_step: 1.39ms | update_phase: 1537.76ms
2025-05-19 05:26:42 | HalfCheetah-v4_ppo_seed100_ent0.001_lr0.0001_normal | INFO | Step: 890880/1000000 | Avg Reward: 1204.82 | Avg Length: 1000.0
2025-05-19 05:26:42 | HalfCheetah-v4_ppo_seed100_ent0.001_lr0.0001_normal | INFO | Update Info: policy_loss: -0.0106 | value_loss: 60.5773 | entropy_loss: -2.4745 | approx_kl: -0.0554 | clip_fraction: 0.4066
2025-05-19 05:26:42 | HalfCheetah-v4_ppo_seed100_ent0.001_lr0.0001_normal | INFO | Timings (avg ms): actor_pass: 0.13ms | critic_pass: 0.12ms | rollout_phase: 1620.44ms | backward_pass: 1.20ms | optimizer_step: 1.42ms | update_phase: 1579.90ms
2025-05-19 05:26:57 | HalfCheetah-v4_ppo_seed100_ent0.001_lr0.0001_normal | INFO | Step: 901120/1000000 | Avg Reward: 1190.11 | Avg Length: 1000.0
2025-05-19 05:26:57 | HalfCheetah-v4_ppo_seed100_ent0.001_lr0.0001_normal | INFO | Update Info: policy_loss: -0.0079 | value_loss: 56.9044 | entropy_loss: -2.5913 | approx_kl: -0.0800 | clip_fraction: 0.4442
2025-05-19 05:26:57 | HalfCheetah-v4_ppo_seed100_ent0.001_lr0.0001_normal | INFO | Timings (avg ms): actor_pass: 0.12ms | critic_pass: 0.12ms | rollout_phase: 1564.08ms | backward_pass: 1.16ms | optimizer_step: 1.38ms | update_phase: 1524.42ms
2025-05-19 05:27:13 | HalfCheetah-v4_ppo_seed100_ent0.001_lr0.0001_normal | INFO | Step: 911360/1000000 | Avg Reward: 1226.76 | Avg Length: 1000.0
2025-05-19 05:27:13 | HalfCheetah-v4_ppo_seed100_ent0.001_lr0.0001_normal | INFO | Update Info: policy_loss: -0.0186 | value_loss: 58.0538 | entropy_loss: -2.7993 | approx_kl: -0.0327 | clip_fraction: 0.4414
2025-05-19 05:27:13 | HalfCheetah-v4_ppo_seed100_ent0.001_lr0.0001_normal | INFO | Timings (avg ms): actor_pass: 0.12ms | critic_pass: 0.12ms | rollout_phase: 1541.12ms | backward_pass: 1.19ms | optimizer_step: 1.42ms | update_phase: 1573.72ms
2025-05-19 05:27:28 | HalfCheetah-v4_ppo_seed100_ent0.001_lr0.0001_normal | INFO | Step: 921600/1000000 | Avg Reward: 1206.55 | Avg Length: 1000.0
2025-05-19 05:27:28 | HalfCheetah-v4_ppo_seed100_ent0.001_lr0.0001_normal | INFO | Update Info: policy_loss: -0.0164 | value_loss: 60.6327 | entropy_loss: -2.7582 | approx_kl: -0.0236 | clip_fraction: 0.3426
2025-05-19 05:27:28 | HalfCheetah-v4_ppo_seed100_ent0.001_lr0.0001_normal | INFO | Timings (avg ms): actor_pass: 0.12ms | critic_pass: 0.12ms | rollout_phase: 1510.37ms | backward_pass: 1.19ms | optimizer_step: 1.41ms | update_phase: 1567.47ms
2025-05-19 05:27:43 | HalfCheetah-v4_ppo_seed100_ent0.001_lr0.0001_normal | INFO | Step: 931840/1000000 | Avg Reward: 1245.04 | Avg Length: 1000.0
2025-05-19 05:27:43 | HalfCheetah-v4_ppo_seed100_ent0.001_lr0.0001_normal | INFO | Update Info: policy_loss: -0.0139 | value_loss: 62.2403 | entropy_loss: -2.9170 | approx_kl: -0.0434 | clip_fraction: 0.4150
2025-05-19 05:27:43 | HalfCheetah-v4_ppo_seed100_ent0.001_lr0.0001_normal | INFO | Timings (avg ms): actor_pass: 0.12ms | critic_pass: 0.12ms | rollout_phase: 1514.34ms | backward_pass: 1.19ms | optimizer_step: 1.40ms | update_phase: 1559.39ms
2025-05-19 05:27:59 | HalfCheetah-v4_ppo_seed100_ent0.001_lr0.0001_normal | INFO | Step: 942080/1000000 | Avg Reward: 1268.74 | Avg Length: 1000.0
2025-05-19 05:27:59 | HalfCheetah-v4_ppo_seed100_ent0.001_lr0.0001_normal | INFO | Update Info: policy_loss: -0.0068 | value_loss: 61.9375 | entropy_loss: -2.7447 | approx_kl: -0.0777 | clip_fraction: 0.4653
2025-05-19 05:27:59 | HalfCheetah-v4_ppo_seed100_ent0.001_lr0.0001_normal | INFO | Timings (avg ms): actor_pass: 0.12ms | critic_pass: 0.12ms | rollout_phase: 1532.37ms | backward_pass: 1.16ms | optimizer_step: 1.37ms | update_phase: 1523.23ms
2025-05-19 05:28:14 | HalfCheetah-v4_ppo_seed100_ent0.001_lr0.0001_normal | INFO | Step: 952320/1000000 | Avg Reward: 1252.56 | Avg Length: 1000.0
2025-05-19 05:28:14 | HalfCheetah-v4_ppo_seed100_ent0.001_lr0.0001_normal | INFO | Update Info: policy_loss: -0.0100 | value_loss: 63.1543 | entropy_loss: -2.7787 | approx_kl: -0.0444 | clip_fraction: 0.3955
2025-05-19 05:28:14 | HalfCheetah-v4_ppo_seed100_ent0.001_lr0.0001_normal | INFO | Timings (avg ms): actor_pass: 0.12ms | critic_pass: 0.12ms | rollout_phase: 1534.93ms | backward_pass: 1.16ms | optimizer_step: 1.38ms | update_phase: 1534.53ms
2025-05-19 05:28:29 | HalfCheetah-v4_ppo_seed100_ent0.001_lr0.0001_normal | INFO | Step: 962560/1000000 | Avg Reward: 1214.63 | Avg Length: 1000.0
2025-05-19 05:28:29 | HalfCheetah-v4_ppo_seed100_ent0.001_lr0.0001_normal | INFO | Update Info: policy_loss: -0.0189 | value_loss: 62.6459 | entropy_loss: -2.9892 | approx_kl: -0.0320 | clip_fraction: 0.3854
2025-05-19 05:28:29 | HalfCheetah-v4_ppo_seed100_ent0.001_lr0.0001_normal | INFO | Timings (avg ms): actor_pass: 0.12ms | critic_pass: 0.11ms | rollout_phase: 1524.32ms | backward_pass: 1.15ms | optimizer_step: 1.36ms | update_phase: 1504.30ms
2025-05-19 05:28:45 | HalfCheetah-v4_ppo_seed100_ent0.001_lr0.0001_normal | INFO | Step: 972800/1000000 | Avg Reward: 1256.33 | Avg Length: 1000.0
2025-05-19 05:28:45 | HalfCheetah-v4_ppo_seed100_ent0.001_lr0.0001_normal | INFO | Update Info: policy_loss: -0.0176 | value_loss: 67.3817 | entropy_loss: -3.1778 | approx_kl: -0.0394 | clip_fraction: 0.3934
2025-05-19 05:28:45 | HalfCheetah-v4_ppo_seed100_ent0.001_lr0.0001_normal | INFO | Timings (avg ms): actor_pass: 0.12ms | critic_pass: 0.12ms | rollout_phase: 1522.47ms | backward_pass: 1.17ms | optimizer_step: 1.39ms | update_phase: 1537.38ms
2025-05-19 05:29:00 | HalfCheetah-v4_ppo_seed100_ent0.001_lr0.0001_normal | INFO | Step: 983040/1000000 | Avg Reward: 1285.67 | Avg Length: 1000.0
2025-05-19 05:29:00 | HalfCheetah-v4_ppo_seed100_ent0.001_lr0.0001_normal | INFO | Update Info: policy_loss: -0.0107 | value_loss: 88.9920 | entropy_loss: -3.0233 | approx_kl: -0.0344 | clip_fraction: 0.3753
2025-05-19 05:29:00 | HalfCheetah-v4_ppo_seed100_ent0.001_lr0.0001_normal | INFO | Timings (avg ms): actor_pass: 0.12ms | critic_pass: 0.12ms | rollout_phase: 1531.00ms | backward_pass: 1.17ms | optimizer_step: 1.39ms | update_phase: 1544.50ms
2025-05-19 05:29:15 | HalfCheetah-v4_ppo_seed100_ent0.001_lr0.0001_normal | INFO | Step: 993280/1000000 | Avg Reward: 1278.38 | Avg Length: 1000.0
2025-05-19 05:29:15 | HalfCheetah-v4_ppo_seed100_ent0.001_lr0.0001_normal | INFO | Update Info: policy_loss: -0.0097 | value_loss: 75.9757 | entropy_loss: -2.9255 | approx_kl: -0.0363 | clip_fraction: 0.3628
2025-05-19 05:29:15 | HalfCheetah-v4_ppo_seed100_ent0.001_lr0.0001_normal | INFO | Timings (avg ms): actor_pass: 0.12ms | critic_pass: 0.12ms | rollout_phase: 1522.38ms | backward_pass: 1.17ms | optimizer_step: 1.38ms | update_phase: 1536.41ms
2025-05-19 05:29:27 | HalfCheetah-v4_ppo_seed100_ent0.001_lr0.0001_normal | INFO | Training finished at step 1001472.
2025-05-19 05:29:27 | HalfCheetah-v4_ppo_seed100_ent0.001_lr0.0001_normal | INFO | Starting evaluation (1 episodes, deterministic=True)...
2025-05-19 05:29:40 | HalfCheetah-v4_ppo_seed100_ent0.001_lr0.0001_normal | INFO | Evaluation Complete: Avg Reward = 1317.40 (over 1 eps)
2025-05-19 05:29:44 | HalfCheetah-v4_ppo_seed100_ent0.001_lr0.0001_normal | INFO | Saved best evaluation video: final_step1001472_detTrue_bestR1317.4.mp4
