2025-05-16 02:40:39 | HalfCheetah-v4_grpo_hpo49_lr0p0001_ent1e-05_kl_0p001_gro32_normal | INFO | Initializing agent for HalfCheetah-v4_grpo_hpo49_lr0p0001_ent1e-05_kl_0p001_gro32_normal on device cpu
2025-05-16 02:40:39 | HalfCheetah-v4_grpo_hpo49_lr0p0001_ent1e-05_kl_0p001_gro32_normal | INFO | Full Config: {
  "env_id": "HalfCheetah-v4",
  "algo": "grpo",
  "seed": 0,
  "gamma": 0.99,
  "total_steps": 10000,
  "log_interval": 5000,
  "checkpoint_interval": 50000,
  "video_interval": 100000,
  "run_name": "HalfCheetah-v4_grpo_hpo49_lr0p0001_ent1e-05_kl_0p001_gro32",
  "base_log_dir": "experiment_runs_hpo",
  "verbose": false,
  "max_episode_steps": null,
  "network_config": {
    "network_type": "mlp",
    "mlp_hidden_dims": [
      64,
      64
    ],
    "cnn_output_features": 256
  },
  "ppo_config": null,
  "grpo_config": {
    "distribution_type": "normal",
    "group_size": 32,
    "update_epochs": 10,
    "max_grad_norm": 0.5,
    "entropy_coef": 0.00001,
    "kl_coef": 0.001,
    "ref_update_interval": 100000,
    "minibatch_size": 256,
    "lr": 0.0001,
    "rollout_steps_per_trajectory": 1000
  }
}
2025-05-16 02:40:40 | HalfCheetah-v4_grpo_hpo49_lr0p0001_ent1e-05_kl_0p001_gro32_normal | INFO | Initialized GRPO actor (type: mlp, dist: normal) and reference.
2025-05-16 02:40:40 | HalfCheetah-v4_grpo_hpo49_lr0p0001_ent1e-05_kl_0p001_gro32_normal | INFO | No actor checkpoint found at experiment_runs_hpo\HalfCheetah-v4_grpo_hpo49_lr0p0001_ent1e-05_kl_0p001_gro32_normal\checkpoints\actor.pt, starting fresh.
2025-05-16 02:40:40 | HalfCheetah-v4_grpo_hpo49_lr0p0001_ent1e-05_kl_0p001_gro32_normal | INFO | Starting training from step 0...
2025-05-16 02:41:11 | HalfCheetah-v4_grpo_hpo49_lr0p0001_ent1e-05_kl_0p001_gro32_normal | INFO | Step: 32000/10000 | Avg Reward: -365.34 | Avg Length: 1000.0
2025-05-16 02:41:11 | HalfCheetah-v4_grpo_hpo49_lr0p0001_ent1e-05_kl_0p001_gro32_normal | INFO | Update Info: policy_loss: -0.0064 | kl_loss: 0.0051 | entropy_loss: 8.6182 | total_loss: -0.0065
2025-05-16 02:41:11 | HalfCheetah-v4_grpo_hpo49_lr0p0001_ent1e-05_kl_0p001_gro32_normal | INFO | Timings (avg ms): actor_mlp: 0.16ms | rollout_phase: 23278.01ms | ref_actor_mlp: 0.31ms | backward_pass: 1.57ms | optimizer_step: 0.95ms | update_phase: 7187.56ms
2025-05-16 02:41:11 | HalfCheetah-v4_grpo_hpo49_lr0p0001_ent1e-05_kl_0p001_gro32_normal | INFO | Training finished at step 32000.
2025-05-16 02:41:11 | HalfCheetah-v4_grpo_hpo49_lr0p0001_ent1e-05_kl_0p001_gro32_normal | INFO | Starting evaluation (1 episodes, deterministic=True)...
2025-05-16 02:41:26 | HalfCheetah-v4_grpo_hpo49_lr0p0001_ent1e-05_kl_0p001_gro32_normal | INFO | Evaluation Complete: Avg Reward = -133.41 (over 1 eps)
2025-05-16 02:41:31 | HalfCheetah-v4_grpo_hpo49_lr0p0001_ent1e-05_kl_0p001_gro32_normal | INFO | Saved best evaluation video: final_step32000_detTrue_bestR-133.4.mp4
