2025-05-16 01:32:55 | HalfCheetah-v4_grpo_hpo1_lr0p0003_ent0p001_kl_0p001_gro32_normal | INFO | Initializing agent for HalfCheetah-v4_grpo_hpo1_lr0p0003_ent0p001_kl_0p001_gro32_normal on device cpu
2025-05-16 01:32:55 | HalfCheetah-v4_grpo_hpo1_lr0p0003_ent0p001_kl_0p001_gro32_normal | INFO | Full Config: {
  "env_id": "HalfCheetah-v4",
  "algo": "grpo",
  "seed": 0,
  "gamma": 0.99,
  "total_steps": 10000,
  "log_interval": 5000,
  "checkpoint_interval": 50000,
  "video_interval": 100000,
  "run_name": "HalfCheetah-v4_grpo_hpo1_lr0p0003_ent0p001_kl_0p001_gro32",
  "base_log_dir": "experiment_runs_hpo",
  "verbose": false,
  "max_episode_steps": null,
  "network_config": {
    "network_type": "mlp",
    "mlp_hidden_dims": [
      64,
      64
    ],
    "cnn_output_features": 256
  },
  "ppo_config": null,
  "grpo_config": {
    "distribution_type": "normal",
    "group_size": 32,
    "update_epochs": 10,
    "max_grad_norm": 0.5,
    "entropy_coef": 0.001,
    "kl_coef": 0.001,
    "ref_update_interval": 100000,
    "minibatch_size": 256,
    "lr": 0.0003,
    "rollout_steps_per_trajectory": 1000
  }
}
2025-05-16 01:32:59 | HalfCheetah-v4_grpo_hpo1_lr0p0003_ent0p001_kl_0p001_gro32_normal | INFO | Initialized GRPO actor (type: mlp, dist: normal) and reference.
2025-05-16 01:32:59 | HalfCheetah-v4_grpo_hpo1_lr0p0003_ent0p001_kl_0p001_gro32_normal | INFO | No actor checkpoint found at experiment_runs_hpo\HalfCheetah-v4_grpo_hpo1_lr0p0003_ent0p001_kl_0p001_gro32_normal\checkpoints\actor.pt, starting fresh.
2025-05-16 01:32:59 | HalfCheetah-v4_grpo_hpo1_lr0p0003_ent0p001_kl_0p001_gro32_normal | INFO | Starting training from step 0...
2025-05-16 01:33:53 | HalfCheetah-v4_grpo_hpo1_lr0p0003_ent0p001_kl_0p001_gro32_normal | INFO | Step: 32000/10000 | Avg Reward: -365.34 | Avg Length: 1000.0
2025-05-16 01:33:53 | HalfCheetah-v4_grpo_hpo1_lr0p0003_ent0p001_kl_0p001_gro32_normal | INFO | Update Info: policy_loss: -0.0067 | kl_loss: 0.0103 | entropy_loss: 8.6251 | total_loss: -0.0153
2025-05-16 01:33:53 | HalfCheetah-v4_grpo_hpo1_lr0p0003_ent0p001_kl_0p001_gro32_normal | INFO | Timings (avg ms): actor_mlp: 0.30ms | rollout_phase: 44474.62ms | ref_actor_mlp: 0.41ms | backward_pass: 2.07ms | optimizer_step: 1.27ms | update_phase: 9507.64ms
2025-05-16 01:33:53 | HalfCheetah-v4_grpo_hpo1_lr0p0003_ent0p001_kl_0p001_gro32_normal | INFO | Training finished at step 32000.
2025-05-16 01:33:53 | HalfCheetah-v4_grpo_hpo1_lr0p0003_ent0p001_kl_0p001_gro32_normal | INFO | Starting evaluation (1 episodes, deterministic=True)...
2025-05-16 01:34:07 | HalfCheetah-v4_grpo_hpo1_lr0p0003_ent0p001_kl_0p001_gro32_normal | INFO | Evaluation Complete: Avg Reward = -182.38 (over 1 eps)
2025-05-16 01:34:15 | HalfCheetah-v4_grpo_hpo1_lr0p0003_ent0p001_kl_0p001_gro32_normal | INFO | Saved best evaluation video: final_step32000_detTrue_bestR-182.4.mp4
