2025-05-16 02:07:48 | HalfCheetah-v4_grpo_hpo23_lr0p0003_ent1e-05_kl_0p0_gro32_normal | INFO | Initializing agent for HalfCheetah-v4_grpo_hpo23_lr0p0003_ent1e-05_kl_0p0_gro32_normal on device cpu
2025-05-16 02:07:48 | HalfCheetah-v4_grpo_hpo23_lr0p0003_ent1e-05_kl_0p0_gro32_normal | INFO | Full Config: {
  "env_id": "HalfCheetah-v4",
  "algo": "grpo",
  "seed": 0,
  "gamma": 0.99,
  "total_steps": 10000,
  "log_interval": 5000,
  "checkpoint_interval": 50000,
  "video_interval": 100000,
  "run_name": "HalfCheetah-v4_grpo_hpo23_lr0p0003_ent1e-05_kl_0p0_gro32",
  "base_log_dir": "experiment_runs_hpo",
  "verbose": false,
  "max_episode_steps": null,
  "network_config": {
    "network_type": "mlp",
    "mlp_hidden_dims": [
      64,
      64
    ],
    "cnn_output_features": 256
  },
  "ppo_config": null,
  "grpo_config": {
    "distribution_type": "normal",
    "group_size": 32,
    "update_epochs": 10,
    "max_grad_norm": 0.5,
    "entropy_coef": 0.00001,
    "kl_coef": 0.0,
    "ref_update_interval": 100000,
    "minibatch_size": 256,
    "lr": 0.0003,
    "rollout_steps_per_trajectory": 1000
  }
}
2025-05-16 02:07:51 | HalfCheetah-v4_grpo_hpo23_lr0p0003_ent1e-05_kl_0p0_gro32_normal | INFO | Initialized GRPO actor (type: mlp, dist: normal) and reference.
2025-05-16 02:07:51 | HalfCheetah-v4_grpo_hpo23_lr0p0003_ent1e-05_kl_0p0_gro32_normal | INFO | No actor checkpoint found at experiment_runs_hpo\HalfCheetah-v4_grpo_hpo23_lr0p0003_ent1e-05_kl_0p0_gro32_normal\checkpoints\actor.pt, starting fresh.
2025-05-16 02:07:51 | HalfCheetah-v4_grpo_hpo23_lr0p0003_ent1e-05_kl_0p0_gro32_normal | INFO | Starting training from step 0...
2025-05-16 02:08:30 | HalfCheetah-v4_grpo_hpo23_lr0p0003_ent1e-05_kl_0p0_gro32_normal | INFO | Step: 32000/10000 | Avg Reward: -365.34 | Avg Length: 1000.0
2025-05-16 02:08:30 | HalfCheetah-v4_grpo_hpo23_lr0p0003_ent1e-05_kl_0p0_gro32_normal | INFO | Update Info: policy_loss: -0.0067 | kl_loss: 0.0104 | entropy_loss: 8.6208 | total_loss: -0.0068
2025-05-16 02:08:30 | HalfCheetah-v4_grpo_hpo23_lr0p0003_ent1e-05_kl_0p0_gro32_normal | INFO | Timings (avg ms): actor_mlp: 0.21ms | rollout_phase: 30847.89ms | ref_actor_mlp: 0.34ms | backward_pass: 1.85ms | optimizer_step: 1.07ms | update_phase: 8179.41ms
2025-05-16 02:08:30 | HalfCheetah-v4_grpo_hpo23_lr0p0003_ent1e-05_kl_0p0_gro32_normal | INFO | Training finished at step 32000.
2025-05-16 02:08:30 | HalfCheetah-v4_grpo_hpo23_lr0p0003_ent1e-05_kl_0p0_gro32_normal | INFO | Starting evaluation (1 episodes, deterministic=True)...
2025-05-16 02:08:44 | HalfCheetah-v4_grpo_hpo23_lr0p0003_ent1e-05_kl_0p0_gro32_normal | INFO | Evaluation Complete: Avg Reward = -178.17 (over 1 eps)
2025-05-16 02:08:49 | HalfCheetah-v4_grpo_hpo23_lr0p0003_ent1e-05_kl_0p0_gro32_normal | INFO | Saved best evaluation video: final_step32000_detTrue_bestR-178.2.mp4
