2025-05-19 23:47:21 | Swimmer-v4_ppo_seed42_ent0.0_lr0.0003_normal | INFO | Initializing agent for Swimmer-v4_ppo_seed42_ent0.0_lr0.0003_normal on device cpu
2025-05-19 23:47:21 | Swimmer-v4_ppo_seed42_ent0.0_lr0.0003_normal | INFO | Full Config (including original run_name='None'): {
  "env_id": "Swimmer-v4",
  "algo": "ppo",
  "seed": 42,
  "gamma": 0.99,
  "total_steps": 1000000,
  "log_interval": 10000,
  "checkpoint_interval": 100000,
  "video_interval": 250000,
  "run_name": null,
  "base_log_dir": "experiment_runs",
  "verbose": false,
  "max_episode_steps": 1000,
  "network_config": {
    "network_type": "mlp",
    "mlp_hidden_dims": [
      128,
      128
    ],
    "cnn_output_features": 256
  },
  "ppo_config": {
    "distribution_type": "normal",
    "lam": 0.95,
    "clip_eps": 0.2,
    "ppo_epochs": 10,
    "num_minibatches": 32,
    "entropy_coef": 0.0,
    "value_coef": 0.5,
    "max_grad_norm": 0.5,
    "target_kl": null,
    "rollout_steps": 2048,
    "lr": 0.0003
  },
  "grpo_config": null
}
2025-05-19 23:47:21 | Swimmer-v4_ppo_seed42_ent0.0_lr0.0003_normal | INFO | Using separate MLP Actor and Critic networks.
