2025-05-19 23:32:23 | InvertedPendulum-v4_grpo_seed42_ent0.0_lr5e-05_normal_g4 | INFO | Initializing agent for InvertedPendulum-v4_grpo_seed42_ent0.0_lr5e-05_normal_g4 on device cpu
2025-05-19 23:32:23 | InvertedPendulum-v4_grpo_seed42_ent0.0_lr5e-05_normal_g4 | INFO | Full Config (including original run_name='None'): {
  "env_id": "InvertedPendulum-v4",
  "algo": "grpo",
  "seed": 42,
  "gamma": 0.99,
  "total_steps": 1000000,
  "log_interval": 10000,
  "checkpoint_interval": 100000,
  "video_interval": 250000,
  "run_name": null,
  "base_log_dir": "experiment_runs",
  "verbose": false,
  "max_episode_steps": 1000,
  "network_config": {
    "network_type": "mlp",
    "mlp_hidden_dims": [
      128,
      128
    ],
    "cnn_output_features": 256
  },
  "ppo_config": null,
  "grpo_config": {
    "distribution_type": "normal",
    "group_size": 4,
    "update_epochs": 10,
    "max_grad_norm": 0.5,
    "entropy_coef": 0.0,
    "kl_coef": 0.001,
    "ref_update_interval": 10000,
    "minibatch_size": 256,
    "lr": 0.00005,
    "rollout_steps_per_trajectory": 1000
  }
}
2025-05-19 23:32:23 | InvertedPendulum-v4_grpo_seed42_ent0.0_lr5e-05_normal_g4 | INFO | Initialized GRPO actor (type: mlp, dist: normal) and reference.
