2025-05-19 13:11:01 | CarRacing-v3_ppo_seed42_ent0.0_lr0.0003_normal | INFO | Initializing agent for CarRacing-v3_ppo_seed42_ent0.0_lr0.0003_normal on device cpu
2025-05-19 13:11:01 | CarRacing-v3_ppo_seed42_ent0.0_lr0.0003_normal | INFO | Full Config (including original run_name='None'): {
  "env_id": "CarRacing-v3",
  "algo": "ppo",
  "seed": 42,
  "gamma": 0.99,
  "total_steps": 1000000,
  "log_interval": 10000,
  "checkpoint_interval": 100000,
  "video_interval": 250000,
  "run_name": null,
  "base_log_dir": "finalLogs",
  "verbose": false,
  "max_episode_steps": 1000,
  "network_config": {
    "network_type": "cnn",
    "mlp_hidden_dims": [
      256
    ],
    "cnn_output_features": 256
  },
  "ppo_config": {
    "distribution_type": "normal",
    "lam": 0.95,
    "clip_eps": 0.2,
    "ppo_epochs": 10,
    "num_minibatches": 64,
    "entropy_coef": 0.0,
    "value_coef": 0.5,
    "max_grad_norm": 0.5,
    "target_kl": null,
    "rollout_steps": 4096,
    "lr": 0.0003
  },
  "grpo_config": null
}
2025-05-19 13:11:02 | CarRacing-v3_ppo_seed42_ent0.0_lr0.0003_normal | INFO | Using CNN Feature Extractor with separate MLP heads and optimizers (shared base gradients will sum).
2025-05-19 13:11:02 | CarRacing-v3_ppo_seed42_ent0.0_lr0.0003_normal | INFO | No actor checkpoint found at finalLogs/CarRacing-v3_ppo_seed42_ent0.0_lr0.0003_normal/checkpoints/actor.pt, starting fresh.
2025-05-19 13:11:02 | CarRacing-v3_ppo_seed42_ent0.0_lr0.0003_normal | INFO | Starting training from step 0...
2025-05-19 13:20:37 | CarRacing-v3_ppo_seed42_ent0.0_lr0.0003_normal | INFO | Step: 12288/1000000 | Avg Reward: -47.13 | Avg Length: 1000.0
2025-05-19 13:20:37 | CarRacing-v3_ppo_seed42_ent0.0_lr0.0003_normal | INFO | Update Info: policy_loss: -0.0222 | value_loss: 0.2271 | entropy_loss: 4.0593 | approx_kl: -0.0123 | clip_fraction: 0.1889
2025-05-19 13:20:37 | CarRacing-v3_ppo_seed42_ent0.0_lr0.0003_normal | INFO | Timings (avg ms): cnn_feature_pass: 27.92ms | actor_pass: 1.77ms | critic_pass: 0.10ms | rollout_phase: 182862.84ms | backward_pass: 4.93ms | optimizer_step: 4.43ms | update_phase: 9095.46ms
2025-05-19 13:30:29 | CarRacing-v3_ppo_seed42_ent0.0_lr0.0003_normal | INFO | Step: 24576/1000000 | Avg Reward: -46.27 | Avg Length: 1000.0
2025-05-19 13:30:29 | CarRacing-v3_ppo_seed42_ent0.0_lr0.0003_normal | INFO | Update Info: policy_loss: -0.0478 | value_loss: 0.0900 | entropy_loss: 4.2920 | approx_kl: -0.0970 | clip_fraction: 0.4156
2025-05-19 13:30:29 | CarRacing-v3_ppo_seed42_ent0.0_lr0.0003_normal | INFO | Timings (avg ms): cnn_feature_pass: 28.81ms | actor_pass: 1.88ms | critic_pass: 0.11ms | rollout_phase: 187685.27ms | backward_pass: 4.87ms | optimizer_step: 4.97ms | update_phase: 9403.86ms
2025-05-19 13:40:12 | CarRacing-v3_ppo_seed42_ent0.0_lr0.0003_normal | INFO | Step: 36864/1000000 | Avg Reward: -70.70 | Avg Length: 1000.0
2025-05-19 13:40:12 | CarRacing-v3_ppo_seed42_ent0.0_lr0.0003_normal | INFO | Update Info: policy_loss: -0.0361 | value_loss: 0.0643 | entropy_loss: 4.9933 | approx_kl: -0.1680 | clip_fraction: 0.5186
2025-05-19 13:40:12 | CarRacing-v3_ppo_seed42_ent0.0_lr0.0003_normal | INFO | Timings (avg ms): cnn_feature_pass: 28.16ms | actor_pass: 1.81ms | critic_pass: 0.11ms | rollout_phase: 184723.79ms | backward_pass: 4.97ms | optimizer_step: 5.18ms | update_phase: 9642.48ms
2025-05-19 13:50:05 | CarRacing-v3_ppo_seed42_ent0.0_lr0.0003_normal | INFO | Step: 49152/1000000 | Avg Reward: -73.32 | Avg Length: 1000.0
2025-05-19 13:50:05 | CarRacing-v3_ppo_seed42_ent0.0_lr0.0003_normal | INFO | Update Info: policy_loss: -0.0309 | value_loss: 0.0623 | entropy_loss: 5.6818 | approx_kl: -0.1062 | clip_fraction: 0.4947
2025-05-19 13:50:05 | CarRacing-v3_ppo_seed42_ent0.0_lr0.0003_normal | INFO | Timings (avg ms): cnn_feature_pass: 28.76ms | actor_pass: 1.87ms | critic_pass: 0.11ms | rollout_phase: 187676.25ms | backward_pass: 4.99ms | optimizer_step: 5.44ms | update_phase: 9894.34ms
2025-05-19 13:59:51 | CarRacing-v3_ppo_seed42_ent0.0_lr0.0003_normal | INFO | Step: 61440/1000000 | Avg Reward: -70.95 | Avg Length: 1000.0
2025-05-19 13:59:51 | CarRacing-v3_ppo_seed42_ent0.0_lr0.0003_normal | INFO | Update Info: policy_loss: -0.0327 | value_loss: 0.0525 | entropy_loss: 6.2490 | approx_kl: -0.1312 | clip_fraction: 0.5332
2025-05-19 13:59:51 | CarRacing-v3_ppo_seed42_ent0.0_lr0.0003_normal | INFO | Timings (avg ms): cnn_feature_pass: 28.36ms | actor_pass: 1.85ms | critic_pass: 0.11ms | rollout_phase: 185399.97ms | backward_pass: 5.10ms | optimizer_step: 5.35ms | update_phase: 10016.48ms
2025-05-19 14:09:41 | CarRacing-v3_ppo_seed42_ent0.0_lr0.0003_normal | INFO | Step: 73728/1000000 | Avg Reward: -71.31 | Avg Length: 1000.0
2025-05-19 14:09:41 | CarRacing-v3_ppo_seed42_ent0.0_lr0.0003_normal | INFO | Update Info: policy_loss: -0.0212 | value_loss: 0.0553 | entropy_loss: 6.4671 | approx_kl: -0.1021 | clip_fraction: 0.4649
2025-05-19 14:09:41 | CarRacing-v3_ppo_seed42_ent0.0_lr0.0003_normal | INFO | Timings (avg ms): cnn_feature_pass: 28.51ms | actor_pass: 1.86ms | critic_pass: 0.11ms | rollout_phase: 186245.56ms | backward_pass: 5.31ms | optimizer_step: 5.58ms | update_phase: 10334.70ms
2025-05-19 14:19:45 | CarRacing-v3_ppo_seed42_ent0.0_lr0.0003_normal | INFO | Step: 86016/1000000 | Avg Reward: -65.43 | Avg Length: 1000.0
2025-05-19 14:19:45 | CarRacing-v3_ppo_seed42_ent0.0_lr0.0003_normal | INFO | Update Info: policy_loss: -0.0450 | value_loss: 0.0601 | entropy_loss: 6.5761 | approx_kl: -0.1890 | clip_fraction: 0.5793
2025-05-19 14:19:45 | CarRacing-v3_ppo_seed42_ent0.0_lr0.0003_normal | INFO | Timings (avg ms): cnn_feature_pass: 29.32ms | actor_pass: 1.97ms | critic_pass: 0.11ms | rollout_phase: 191211.25ms | backward_pass: 5.13ms | optimizer_step: 5.65ms | update_phase: 10184.09ms
2025-05-19 14:29:48 | CarRacing-v3_ppo_seed42_ent0.0_lr0.0003_normal | INFO | Step: 98304/1000000 | Avg Reward: -52.06 | Avg Length: 1000.0
2025-05-19 14:29:48 | CarRacing-v3_ppo_seed42_ent0.0_lr0.0003_normal | INFO | Update Info: policy_loss: -0.0495 | value_loss: 0.0810 | entropy_loss: 5.4091 | approx_kl: -0.1640 | clip_fraction: 0.5782
2025-05-19 14:29:48 | CarRacing-v3_ppo_seed42_ent0.0_lr0.0003_normal | INFO | Timings (avg ms): cnn_feature_pass: 29.16ms | actor_pass: 1.89ms | critic_pass: 0.11ms | rollout_phase: 190872.79ms | backward_pass: 5.13ms | optimizer_step: 5.56ms | update_phase: 10079.60ms
2025-05-19 14:39:55 | CarRacing-v3_ppo_seed42_ent0.0_lr0.0003_normal | INFO | Step: 110592/1000000 | Avg Reward: -27.14 | Avg Length: 1000.0
2025-05-19 14:39:55 | CarRacing-v3_ppo_seed42_ent0.0_lr0.0003_normal | INFO | Update Info: policy_loss: -0.0761 | value_loss: 0.0963 | entropy_loss: 4.4757 | approx_kl: -0.1807 | clip_fraction: 0.6344
2025-05-19 14:39:55 | CarRacing-v3_ppo_seed42_ent0.0_lr0.0003_normal | INFO | Timings (avg ms): cnn_feature_pass: 29.58ms | actor_pass: 1.94ms | critic_pass: 0.11ms | rollout_phase: 193049.43ms | backward_pass: 4.91ms | optimizer_step: 5.10ms | update_phase: 9568.47ms
2025-05-19 14:49:53 | CarRacing-v3_ppo_seed42_ent0.0_lr0.0003_normal | INFO | Step: 122880/1000000 | Avg Reward: -20.75 | Avg Length: 1000.0
2025-05-19 14:49:53 | CarRacing-v3_ppo_seed42_ent0.0_lr0.0003_normal | INFO | Update Info: policy_loss: -0.0695 | value_loss: 0.0886 | entropy_loss: 4.5621 | approx_kl: -0.1790 | clip_fraction: 0.6440
2025-05-19 14:49:53 | CarRacing-v3_ppo_seed42_ent0.0_lr0.0003_normal | INFO | Timings (avg ms): cnn_feature_pass: 28.89ms | actor_pass: 1.87ms | critic_pass: 0.11ms | rollout_phase: 188685.48ms | backward_pass: 5.30ms | optimizer_step: 5.68ms | update_phase: 10364.85ms
2025-05-19 15:00:10 | CarRacing-v3_ppo_seed42_ent0.0_lr0.0003_normal | INFO | Step: 135168/1000000 | Avg Reward: -24.36 | Avg Length: 1000.0
2025-05-19 15:00:10 | CarRacing-v3_ppo_seed42_ent0.0_lr0.0003_normal | INFO | Update Info: policy_loss: -0.0723 | value_loss: 0.0812 | entropy_loss: 4.8070 | approx_kl: -0.3004 | clip_fraction: 0.6887
2025-05-19 15:00:10 | CarRacing-v3_ppo_seed42_ent0.0_lr0.0003_normal | INFO | Timings (avg ms): cnn_feature_pass: 30.34ms | actor_pass: 2.02ms | critic_pass: 0.11ms | rollout_phase: 195772.26ms | backward_pass: 5.20ms | optimizer_step: 5.35ms | update_phase: 9996.85ms
2025-05-19 15:10:10 | CarRacing-v3_ppo_seed42_ent0.0_lr0.0003_normal | INFO | Step: 147456/1000000 | Avg Reward: -46.25 | Avg Length: 1000.0
2025-05-19 15:10:10 | CarRacing-v3_ppo_seed42_ent0.0_lr0.0003_normal | INFO | Update Info: policy_loss: -0.0647 | value_loss: 0.0691 | entropy_loss: 6.0204 | approx_kl: -0.1606 | clip_fraction: 0.6398
2025-05-19 15:10:10 | CarRacing-v3_ppo_seed42_ent0.0_lr0.0003_normal | INFO | Timings (avg ms): cnn_feature_pass: 29.16ms | actor_pass: 1.95ms | critic_pass: 0.11ms | rollout_phase: 190004.27ms | backward_pass: 5.11ms | optimizer_step: 5.41ms | update_phase: 10011.17ms
2025-05-19 15:19:59 | CarRacing-v3_ppo_seed42_ent0.0_lr0.0003_normal | INFO | Step: 159744/1000000 | Avg Reward: -15.70 | Avg Length: 1000.0
2025-05-19 15:19:59 | CarRacing-v3_ppo_seed42_ent0.0_lr0.0003_normal | INFO | Update Info: policy_loss: -0.0687 | value_loss: 0.0836 | entropy_loss: 5.0226 | approx_kl: -0.2657 | clip_fraction: 0.6514
2025-05-19 15:19:59 | CarRacing-v3_ppo_seed42_ent0.0_lr0.0003_normal | INFO | Timings (avg ms): cnn_feature_pass: 28.43ms | actor_pass: 1.85ms | critic_pass: 0.11ms | rollout_phase: 186285.07ms | backward_pass: 5.19ms | optimizer_step: 5.36ms | update_phase: 10041.92ms
2025-05-19 15:29:30 | CarRacing-v3_ppo_seed42_ent0.0_lr0.0003_normal | INFO | Step: 172032/1000000 | Avg Reward: -23.17 | Avg Length: 1000.0
2025-05-19 15:29:30 | CarRacing-v3_ppo_seed42_ent0.0_lr0.0003_normal | INFO | Update Info: policy_loss: -0.0550 | value_loss: 0.0763 | entropy_loss: 5.7491 | approx_kl: -0.3401 | clip_fraction: 0.6531
2025-05-19 15:29:30 | CarRacing-v3_ppo_seed42_ent0.0_lr0.0003_normal | INFO | Timings (avg ms): cnn_feature_pass: 27.18ms | actor_pass: 1.70ms | critic_pass: 0.11ms | rollout_phase: 179538.79ms | backward_pass: 5.55ms | optimizer_step: 6.04ms | update_phase: 10873.63ms
2025-05-19 15:39:01 | CarRacing-v3_ppo_seed42_ent0.0_lr0.0003_normal | INFO | Step: 184320/1000000 | Avg Reward: -24.70 | Avg Length: 1000.0
2025-05-19 15:39:01 | CarRacing-v3_ppo_seed42_ent0.0_lr0.0003_normal | INFO | Update Info: policy_loss: -0.0627 | value_loss: 0.0683 | entropy_loss: 5.8030 | approx_kl: -0.3034 | clip_fraction: 0.6351
2025-05-19 15:39:01 | CarRacing-v3_ppo_seed42_ent0.0_lr0.0003_normal | INFO | Timings (avg ms): cnn_feature_pass: 27.31ms | actor_pass: 1.69ms | critic_pass: 0.11ms | rollout_phase: 180218.78ms | backward_pass: 5.10ms | optimizer_step: 5.47ms | update_phase: 10064.91ms
2025-05-19 15:48:37 | CarRacing-v3_ppo_seed42_ent0.0_lr0.0003_normal | INFO | Step: 196608/1000000 | Avg Reward: -18.93 | Avg Length: 1000.0
2025-05-19 15:48:37 | CarRacing-v3_ppo_seed42_ent0.0_lr0.0003_normal | INFO | Update Info: policy_loss: -0.0577 | value_loss: 0.0667 | entropy_loss: 6.6842 | approx_kl: -0.1571 | clip_fraction: 0.5723
2025-05-19 15:48:37 | CarRacing-v3_ppo_seed42_ent0.0_lr0.0003_normal | INFO | Timings (avg ms): cnn_feature_pass: 27.65ms | actor_pass: 1.76ms | critic_pass: 0.11ms | rollout_phase: 182181.91ms | backward_pass: 5.12ms | optimizer_step: 5.32ms | update_phase: 9891.52ms
2025-05-19 15:58:53 | CarRacing-v3_ppo_seed42_ent0.0_lr0.0003_normal | INFO | Step: 208896/1000000 | Avg Reward: -26.56 | Avg Length: 1000.0
2025-05-19 15:58:53 | CarRacing-v3_ppo_seed42_ent0.0_lr0.0003_normal | INFO | Update Info: policy_loss: -0.0536 | value_loss: 0.0576 | entropy_loss: 7.1280 | approx_kl: -0.1364 | clip_fraction: 0.5343
2025-05-19 15:58:53 | CarRacing-v3_ppo_seed42_ent0.0_lr0.0003_normal | INFO | Timings (avg ms): cnn_feature_pass: 29.99ms | actor_pass: 2.01ms | critic_pass: 0.11ms | rollout_phase: 194922.49ms | backward_pass: 4.87ms | optimizer_step: 6.13ms | update_phase: 10163.45ms
2025-05-19 16:08:57 | CarRacing-v3_ppo_seed42_ent0.0_lr0.0003_normal | INFO | Step: 221184/1000000 | Avg Reward: -35.59 | Avg Length: 1000.0
2025-05-19 16:08:57 | CarRacing-v3_ppo_seed42_ent0.0_lr0.0003_normal | INFO | Update Info: policy_loss: -0.0510 | value_loss: 0.0590 | entropy_loss: 7.4247 | approx_kl: -0.1527 | clip_fraction: 0.5366
2025-05-19 16:08:57 | CarRacing-v3_ppo_seed42_ent0.0_lr0.0003_normal | INFO | Timings (avg ms): cnn_feature_pass: 29.11ms | actor_pass: 1.88ms | critic_pass: 0.18ms | rollout_phase: 190280.00ms | backward_pass: 5.24ms | optimizer_step: 7.22ms | update_phase: 11293.38ms
2025-05-19 16:19:07 | CarRacing-v3_ppo_seed42_ent0.0_lr0.0003_normal | INFO | Step: 233472/1000000 | Avg Reward: -42.96 | Avg Length: 1000.0
2025-05-19 16:19:07 | CarRacing-v3_ppo_seed42_ent0.0_lr0.0003_normal | INFO | Update Info: policy_loss: -0.0596 | value_loss: 0.0680 | entropy_loss: 8.3651 | approx_kl: -0.1798 | clip_fraction: 0.5422
2025-05-19 16:19:07 | CarRacing-v3_ppo_seed42_ent0.0_lr0.0003_normal | INFO | Timings (avg ms): cnn_feature_pass: 29.61ms | actor_pass: 1.96ms | critic_pass: 0.11ms | rollout_phase: 192466.84ms | backward_pass: 5.08ms | optimizer_step: 6.62ms | update_phase: 10620.18ms
2025-05-19 16:28:54 | CarRacing-v3_ppo_seed42_ent0.0_lr0.0003_normal | INFO | Step: 245760/1000000 | Avg Reward: -34.81 | Avg Length: 1000.0
2025-05-19 16:28:54 | CarRacing-v3_ppo_seed42_ent0.0_lr0.0003_normal | INFO | Update Info: policy_loss: -0.0544 | value_loss: 0.0598 | entropy_loss: 8.0462 | approx_kl: -0.1356 | clip_fraction: 0.5288
2025-05-19 16:28:54 | CarRacing-v3_ppo_seed42_ent0.0_lr0.0003_normal | INFO | Timings (avg ms): cnn_feature_pass: 28.17ms | actor_pass: 1.81ms | critic_pass: 0.11ms | rollout_phase: 184950.51ms | backward_pass: 4.96ms | optimizer_step: 6.91ms | update_phase: 10789.62ms
2025-05-19 16:35:29 | CarRacing-v3_ppo_seed42_ent0.0_lr0.0003_normal | INFO | Starting evaluation (3 episodes, deterministic=True)...
2025-05-19 16:38:50 | CarRacing-v3_ppo_seed42_ent0.0_lr0.0003_normal | INFO | Evaluation Complete: Avg Reward = -22.77 (over 3 eps)
2025-05-19 16:38:52 | CarRacing-v3_ppo_seed42_ent0.0_lr0.0003_normal | INFO | Saved best evaluation video: eval_step253952_detTrue_bestR-14.2.mp4
2025-05-19 16:42:16 | CarRacing-v3_ppo_seed42_ent0.0_lr0.0003_normal | INFO | Step: 258048/1000000 | Avg Reward: -32.34 | Avg Length: 1000.0
2025-05-19 16:42:16 | CarRacing-v3_ppo_seed42_ent0.0_lr0.0003_normal | INFO | Update Info: policy_loss: -0.0608 | value_loss: 0.0692 | entropy_loss: 7.5969 | approx_kl: -0.3430 | clip_fraction: 0.6152
2025-05-19 16:42:16 | CarRacing-v3_ppo_seed42_ent0.0_lr0.0003_normal | INFO | Timings (avg ms): cnn_feature_pass: 31.26ms | actor_pass: 2.16ms | critic_pass: 0.11ms | rollout_phase: 189821.10ms | backward_pass: 4.91ms | optimizer_step: 5.11ms | update_phase: 9478.37ms | eval_action_select: 44.96ms | eval_env_interact: 10.36ms
2025-05-19 16:52:03 | CarRacing-v3_ppo_seed42_ent0.0_lr0.0003_normal | INFO | Step: 270336/1000000 | Avg Reward: -34.68 | Avg Length: 1000.0
2025-05-19 16:52:03 | CarRacing-v3_ppo_seed42_ent0.0_lr0.0003_normal | INFO | Update Info: policy_loss: -0.0547 | value_loss: 0.0532 | entropy_loss: 7.9461 | approx_kl: -0.2343 | clip_fraction: 0.5584
2025-05-19 16:52:03 | CarRacing-v3_ppo_seed42_ent0.0_lr0.0003_normal | INFO | Timings (avg ms): cnn_feature_pass: 28.61ms | actor_pass: 1.91ms | critic_pass: 0.10ms | rollout_phase: 186138.07ms | backward_pass: 5.05ms | optimizer_step: 5.17ms | update_phase: 9773.48ms
2025-05-19 17:01:55 | CarRacing-v3_ppo_seed42_ent0.0_lr0.0003_normal | INFO | Step: 282624/1000000 | Avg Reward: -26.66 | Avg Length: 1000.0
2025-05-19 17:01:55 | CarRacing-v3_ppo_seed42_ent0.0_lr0.0003_normal | INFO | Update Info: policy_loss: -0.0625 | value_loss: 0.0653 | entropy_loss: 7.8854 | approx_kl: -0.2128 | clip_fraction: 0.5764
2025-05-19 17:01:55 | CarRacing-v3_ppo_seed42_ent0.0_lr0.0003_normal | INFO | Timings (avg ms): cnn_feature_pass: 28.85ms | actor_pass: 1.91ms | critic_pass: 0.11ms | rollout_phase: 187423.17ms | backward_pass: 4.97ms | optimizer_step: 5.32ms | update_phase: 9762.46ms
2025-05-19 17:13:16 | CarRacing-v3_ppo_seed42_ent0.0_lr0.0003_normal | INFO | Step: 294912/1000000 | Avg Reward: -39.00 | Avg Length: 1000.0
2025-05-19 17:13:16 | CarRacing-v3_ppo_seed42_ent0.0_lr0.0003_normal | INFO | Update Info: policy_loss: -0.0612 | value_loss: 0.0651 | entropy_loss: 7.9087 | approx_kl: -0.1282 | clip_fraction: 0.5545
2025-05-19 17:13:16 | CarRacing-v3_ppo_seed42_ent0.0_lr0.0003_normal | INFO | Timings (avg ms): cnn_feature_pass: 33.94ms | actor_pass: 2.21ms | critic_pass: 0.18ms | rollout_phase: 215305.73ms | backward_pass: 6.04ms | optimizer_step: 6.54ms | update_phase: 11706.89ms
2025-05-19 17:26:38 | CarRacing-v3_ppo_seed42_ent0.0_lr0.0003_normal | INFO | Step: 307200/1000000 | Avg Reward: -21.08 | Avg Length: 1000.0
2025-05-19 17:26:38 | CarRacing-v3_ppo_seed42_ent0.0_lr0.0003_normal | INFO | Update Info: policy_loss: -0.0645 | value_loss: 0.0647 | entropy_loss: 7.4527 | approx_kl: -0.2162 | clip_fraction: 0.6249
2025-05-19 17:26:38 | CarRacing-v3_ppo_seed42_ent0.0_lr0.0003_normal | INFO | Timings (avg ms): cnn_feature_pass: 40.75ms | actor_pass: 2.50ms | critic_pass: 0.17ms | rollout_phase: 247953.06ms | backward_pass: 9.55ms | optimizer_step: 11.81ms | update_phase: 19230.55ms
2025-05-19 17:39:18 | CarRacing-v3_ppo_seed42_ent0.0_lr0.0003_normal | INFO | Step: 319488/1000000 | Avg Reward: -18.57 | Avg Length: 1000.0
2025-05-19 17:39:18 | CarRacing-v3_ppo_seed42_ent0.0_lr0.0003_normal | INFO | Update Info: policy_loss: -0.0638 | value_loss: 0.0645 | entropy_loss: 7.4525 | approx_kl: -0.2469 | clip_fraction: 0.6490
2025-05-19 17:39:18 | CarRacing-v3_ppo_seed42_ent0.0_lr0.0003_normal | INFO | Timings (avg ms): cnn_feature_pass: 38.84ms | actor_pass: 2.29ms | critic_pass: 0.16ms | rollout_phase: 240519.51ms | backward_pass: 6.57ms | optimizer_step: 7.30ms | update_phase: 12940.95ms
2025-05-19 17:51:59 | CarRacing-v3_ppo_seed42_ent0.0_lr0.0003_normal | INFO | Step: 331776/1000000 | Avg Reward: -11.15 | Avg Length: 1000.0
2025-05-19 17:51:59 | CarRacing-v3_ppo_seed42_ent0.0_lr0.0003_normal | INFO | Update Info: policy_loss: -0.0575 | value_loss: 0.0649 | entropy_loss: 7.2537 | approx_kl: -0.2509 | clip_fraction: 0.6387
2025-05-19 17:51:59 | CarRacing-v3_ppo_seed42_ent0.0_lr0.0003_normal | INFO | Timings (avg ms): cnn_feature_pass: 38.49ms | actor_pass: 2.27ms | critic_pass: 0.18ms | rollout_phase: 239631.22ms | backward_pass: 7.03ms | optimizer_step: 8.13ms | update_phase: 14071.22ms
2025-05-19 18:04:51 | CarRacing-v3_ppo_seed42_ent0.0_lr0.0003_normal | INFO | Step: 344064/1000000 | Avg Reward: -27.69 | Avg Length: 1000.0
2025-05-19 18:04:51 | CarRacing-v3_ppo_seed42_ent0.0_lr0.0003_normal | INFO | Update Info: policy_loss: -0.0601 | value_loss: 0.0637 | entropy_loss: 8.1066 | approx_kl: -0.2324 | clip_fraction: 0.6091
2025-05-19 18:04:51 | CarRacing-v3_ppo_seed42_ent0.0_lr0.0003_normal | INFO | Timings (avg ms): cnn_feature_pass: 39.10ms | actor_pass: 2.32ms | critic_pass: 0.16ms | rollout_phase: 242062.69ms | backward_pass: 7.78ms | optimizer_step: 8.86ms | update_phase: 15198.52ms
2025-05-19 18:17:29 | CarRacing-v3_ppo_seed42_ent0.0_lr0.0003_normal | INFO | Step: 356352/1000000 | Avg Reward: -37.40 | Avg Length: 1000.0
2025-05-19 18:17:29 | CarRacing-v3_ppo_seed42_ent0.0_lr0.0003_normal | INFO | Update Info: policy_loss: -0.0593 | value_loss: 0.0629 | entropy_loss: 8.4525 | approx_kl: -0.2254 | clip_fraction: 0.5910
2025-05-19 18:17:29 | CarRacing-v3_ppo_seed42_ent0.0_lr0.0003_normal | INFO | Timings (avg ms): cnn_feature_pass: 37.90ms | actor_pass: 2.17ms | critic_pass: 0.21ms | rollout_phase: 239828.56ms | backward_pass: 6.59ms | optimizer_step: 7.04ms | update_phase: 12910.93ms
2025-05-19 18:30:08 | CarRacing-v3_ppo_seed42_ent0.0_lr0.0003_normal | INFO | Step: 368640/1000000 | Avg Reward: -26.16 | Avg Length: 1000.0
2025-05-19 18:30:08 | CarRacing-v3_ppo_seed42_ent0.0_lr0.0003_normal | INFO | Update Info: policy_loss: -0.0621 | value_loss: 0.0710 | entropy_loss: 7.7988 | approx_kl: -0.2897 | clip_fraction: 0.6263
2025-05-19 18:30:08 | CarRacing-v3_ppo_seed42_ent0.0_lr0.0003_normal | INFO | Timings (avg ms): cnn_feature_pass: 37.47ms | actor_pass: 2.13ms | critic_pass: 0.22ms | rollout_phase: 238402.59ms | backward_pass: 7.35ms | optimizer_step: 8.11ms | update_phase: 14473.54ms
2025-05-19 18:42:35 | CarRacing-v3_ppo_seed42_ent0.0_lr0.0003_normal | INFO | Step: 380928/1000000 | Avg Reward: -39.68 | Avg Length: 1000.0
2025-05-19 18:42:35 | CarRacing-v3_ppo_seed42_ent0.0_lr0.0003_normal | INFO | Update Info: policy_loss: -0.0549 | value_loss: 0.0668 | entropy_loss: 8.5921 | approx_kl: -0.0688 | clip_fraction: 0.5454
2025-05-19 18:42:35 | CarRacing-v3_ppo_seed42_ent0.0_lr0.0003_normal | INFO | Timings (avg ms): cnn_feature_pass: 36.57ms | actor_pass: 2.03ms | critic_pass: 0.22ms | rollout_phase: 234116.96ms | backward_pass: 7.58ms | optimizer_step: 8.46ms | update_phase: 14975.65ms
2025-05-19 18:54:44 | CarRacing-v3_ppo_seed42_ent0.0_lr0.0003_normal | INFO | Step: 393216/1000000 | Avg Reward: -28.84 | Avg Length: 1000.0
2025-05-19 18:54:44 | CarRacing-v3_ppo_seed42_ent0.0_lr0.0003_normal | INFO | Update Info: policy_loss: -0.0569 | value_loss: 0.0603 | entropy_loss: 7.6898 | approx_kl: -0.2207 | clip_fraction: 0.6113
2025-05-19 18:54:44 | CarRacing-v3_ppo_seed42_ent0.0_lr0.0003_normal | INFO | Timings (avg ms): cnn_feature_pass: 36.31ms | actor_pass: 2.21ms | critic_pass: 0.23ms | rollout_phase: 232252.81ms | backward_pass: 5.50ms | optimizer_step: 5.58ms | update_phase: 10559.77ms
2025-05-19 19:04:14 | CarRacing-v3_ppo_seed42_ent0.0_lr0.0003_normal | INFO | Step: 405504/1000000 | Avg Reward: -19.25 | Avg Length: 1000.0
2025-05-19 19:04:14 | CarRacing-v3_ppo_seed42_ent0.0_lr0.0003_normal | INFO | Update Info: policy_loss: -0.0686 | value_loss: 0.0703 | entropy_loss: 8.3595 | approx_kl: -0.3085 | clip_fraction: 0.6174
2025-05-19 19:04:14 | CarRacing-v3_ppo_seed42_ent0.0_lr0.0003_normal | INFO | Timings (avg ms): cnn_feature_pass: 27.13ms | actor_pass: 1.66ms | critic_pass: 0.10ms | rollout_phase: 180275.87ms | backward_pass: 5.11ms | optimizer_step: 5.54ms | update_phase: 9968.23ms
2025-05-19 19:14:21 | CarRacing-v3_ppo_seed42_ent0.0_lr0.0003_normal | INFO | Step: 417792/1000000 | Avg Reward: -9.09 | Avg Length: 1000.0
2025-05-19 19:14:21 | CarRacing-v3_ppo_seed42_ent0.0_lr0.0003_normal | INFO | Update Info: policy_loss: -0.0707 | value_loss: 0.0596 | entropy_loss: 7.6221 | approx_kl: -0.3058 | clip_fraction: 0.6666
2025-05-19 19:14:21 | CarRacing-v3_ppo_seed42_ent0.0_lr0.0003_normal | INFO | Timings (avg ms): cnn_feature_pass: 29.53ms | actor_pass: 1.94ms | critic_pass: 0.11ms | rollout_phase: 192176.76ms | backward_pass: 5.15ms | optimizer_step: 5.70ms | update_phase: 10164.52ms
2025-05-19 19:23:48 | CarRacing-v3_ppo_seed42_ent0.0_lr0.0003_normal | INFO | Step: 430080/1000000 | Avg Reward: -22.70 | Avg Length: 1000.0
2025-05-19 19:23:48 | CarRacing-v3_ppo_seed42_ent0.0_lr0.0003_normal | INFO | Update Info: policy_loss: -0.0669 | value_loss: 0.0742 | entropy_loss: 8.4535 | approx_kl: -0.2614 | clip_fraction: 0.6397
2025-05-19 19:23:48 | CarRacing-v3_ppo_seed42_ent0.0_lr0.0003_normal | INFO | Timings (avg ms): cnn_feature_pass: 26.75ms | actor_pass: 1.64ms | critic_pass: 0.10ms | rollout_phase: 177823.80ms | backward_pass: 5.43ms | optimizer_step: 6.36ms | update_phase: 11015.35ms
2025-05-19 19:33:22 | CarRacing-v3_ppo_seed42_ent0.0_lr0.0003_normal | INFO | Step: 442368/1000000 | Avg Reward: -11.13 | Avg Length: 1000.0
2025-05-19 19:33:22 | CarRacing-v3_ppo_seed42_ent0.0_lr0.0003_normal | INFO | Update Info: policy_loss: -0.0696 | value_loss: 0.0822 | entropy_loss: 7.9161 | approx_kl: -0.2561 | clip_fraction: 0.6450
2025-05-19 19:33:22 | CarRacing-v3_ppo_seed42_ent0.0_lr0.0003_normal | INFO | Timings (avg ms): cnn_feature_pass: 27.24ms | actor_pass: 1.72ms | critic_pass: 0.11ms | rollout_phase: 180456.74ms | backward_pass: 5.55ms | optimizer_step: 6.31ms | update_phase: 11005.56ms
2025-05-19 19:43:09 | CarRacing-v3_ppo_seed42_ent0.0_lr0.0003_normal | INFO | Step: 454656/1000000 | Avg Reward: -7.81 | Avg Length: 1000.0
2025-05-19 19:43:09 | CarRacing-v3_ppo_seed42_ent0.0_lr0.0003_normal | INFO | Update Info: policy_loss: -0.0732 | value_loss: 0.0662 | entropy_loss: 7.6242 | approx_kl: -0.2116 | clip_fraction: 0.6458
2025-05-19 19:43:09 | CarRacing-v3_ppo_seed42_ent0.0_lr0.0003_normal | INFO | Timings (avg ms): cnn_feature_pass: 27.96ms | actor_pass: 1.82ms | critic_pass: 0.11ms | rollout_phase: 184335.33ms | backward_pass: 5.60ms | optimizer_step: 6.22ms | update_phase: 11044.15ms
2025-05-19 19:52:57 | CarRacing-v3_ppo_seed42_ent0.0_lr0.0003_normal | INFO | Step: 466944/1000000 | Avg Reward: -34.76 | Avg Length: 1000.0
2025-05-19 19:52:57 | CarRacing-v3_ppo_seed42_ent0.0_lr0.0003_normal | INFO | Update Info: policy_loss: -0.0684 | value_loss: 0.0713 | entropy_loss: 8.9163 | approx_kl: -0.2083 | clip_fraction: 0.6083
2025-05-19 19:52:57 | CarRacing-v3_ppo_seed42_ent0.0_lr0.0003_normal | INFO | Timings (avg ms): cnn_feature_pass: 28.13ms | actor_pass: 1.84ms | critic_pass: 0.11ms | rollout_phase: 184859.27ms | backward_pass: 5.78ms | optimizer_step: 6.48ms | update_phase: 11338.17ms
2025-05-19 20:02:31 | CarRacing-v3_ppo_seed42_ent0.0_lr0.0003_normal | INFO | Step: 479232/1000000 | Avg Reward: -19.26 | Avg Length: 1000.0
2025-05-19 20:02:31 | CarRacing-v3_ppo_seed42_ent0.0_lr0.0003_normal | INFO | Update Info: policy_loss: -0.0743 | value_loss: 0.0840 | entropy_loss: 8.8302 | approx_kl: -0.1998 | clip_fraction: 0.6198
2025-05-19 20:02:31 | CarRacing-v3_ppo_seed42_ent0.0_lr0.0003_normal | INFO | Timings (avg ms): cnn_feature_pass: 27.35ms | actor_pass: 1.75ms | critic_pass: 0.10ms | rollout_phase: 180905.83ms | backward_pass: 5.20ms | optimizer_step: 5.96ms | update_phase: 10335.44ms
2025-05-19 20:12:23 | CarRacing-v3_ppo_seed42_ent0.0_lr0.0003_normal | INFO | Step: 491520/1000000 | Avg Reward: 0.38 | Avg Length: 1000.0
2025-05-19 20:12:23 | CarRacing-v3_ppo_seed42_ent0.0_lr0.0003_normal | INFO | Update Info: policy_loss: -0.0709 | value_loss: 0.1558 | entropy_loss: 8.7762 | approx_kl: -0.2447 | clip_fraction: 0.6371
2025-05-19 20:12:23 | CarRacing-v3_ppo_seed42_ent0.0_lr0.0003_normal | INFO | Timings (avg ms): cnn_feature_pass: 28.53ms | actor_pass: 1.90ms | critic_pass: 0.11ms | rollout_phase: 186640.44ms | backward_pass: 5.33ms | optimizer_step: 6.20ms | update_phase: 10752.33ms
2025-05-19 20:22:21 | CarRacing-v3_ppo_seed42_ent0.0_lr0.0003_normal | INFO | Step: 503808/1000000 | Avg Reward: -16.04 | Avg Length: 1000.0
2025-05-19 20:22:21 | CarRacing-v3_ppo_seed42_ent0.0_lr0.0003_normal | INFO | Update Info: policy_loss: -0.0725 | value_loss: 0.1119 | entropy_loss: 9.0272 | approx_kl: -0.2513 | clip_fraction: 0.6647
2025-05-19 20:22:21 | CarRacing-v3_ppo_seed42_ent0.0_lr0.0003_normal | INFO | Timings (avg ms): cnn_feature_pass: 28.97ms | actor_pass: 1.89ms | critic_pass: 0.11ms | rollout_phase: 188958.05ms | backward_pass: 5.26ms | optimizer_step: 6.03ms | update_phase: 10510.31ms
2025-05-19 20:25:26 | CarRacing-v3_ppo_seed42_ent0.0_lr0.0003_normal | INFO | Starting evaluation (3 episodes, deterministic=True)...
2025-05-19 20:28:04 | CarRacing-v3_ppo_seed42_ent0.0_lr0.0003_normal | INFO | Evaluation Complete: Avg Reward = 12.21 (over 3 eps)
2025-05-19 20:28:06 | CarRacing-v3_ppo_seed42_ent0.0_lr0.0003_normal | INFO | Saved best evaluation video: eval_step507904_detTrue_bestR58.7.mp4
2025-05-19 20:34:39 | CarRacing-v3_ppo_seed42_ent0.0_lr0.0003_normal | INFO | Step: 516096/1000000 | Avg Reward: -12.87 | Avg Length: 1000.0
2025-05-19 20:34:39 | CarRacing-v3_ppo_seed42_ent0.0_lr0.0003_normal | INFO | Update Info: policy_loss: -0.0675 | value_loss: 0.1419 | entropy_loss: 8.7205 | approx_kl: -0.2664 | clip_fraction: 0.6196
2025-05-19 20:34:39 | CarRacing-v3_ppo_seed42_ent0.0_lr0.0003_normal | INFO | Timings (avg ms): cnn_feature_pass: 27.67ms | actor_pass: 1.73ms | critic_pass: 0.10ms | rollout_phase: 181805.88ms | backward_pass: 5.19ms | optimizer_step: 6.16ms | update_phase: 10590.31ms | eval_action_select: 29.09ms | eval_env_interact: 10.90ms
2025-05-19 20:43:58 | CarRacing-v3_ppo_seed42_ent0.0_lr0.0003_normal | INFO | Step: 528384/1000000 | Avg Reward: -12.70 | Avg Length: 1000.0
2025-05-19 20:43:58 | CarRacing-v3_ppo_seed42_ent0.0_lr0.0003_normal | INFO | Update Info: policy_loss: -0.0634 | value_loss: 0.1389 | entropy_loss: 8.9304 | approx_kl: -0.2290 | clip_fraction: 0.6093
2025-05-19 20:43:58 | CarRacing-v3_ppo_seed42_ent0.0_lr0.0003_normal | INFO | Timings (avg ms): cnn_feature_pass: 26.56ms | actor_pass: 1.66ms | critic_pass: 0.11ms | rollout_phase: 175828.12ms | backward_pass: 5.14ms | optimizer_step: 6.17ms | update_phase: 10431.62ms
2025-05-19 20:53:45 | CarRacing-v3_ppo_seed42_ent0.0_lr0.0003_normal | INFO | Step: 540672/1000000 | Avg Reward: -19.64 | Avg Length: 1000.0
2025-05-19 20:53:45 | CarRacing-v3_ppo_seed42_ent0.0_lr0.0003_normal | INFO | Update Info: policy_loss: -0.0661 | value_loss: 0.1082 | entropy_loss: 9.1755 | approx_kl: -0.1989 | clip_fraction: 0.6175
2025-05-19 20:53:45 | CarRacing-v3_ppo_seed42_ent0.0_lr0.0003_normal | INFO | Timings (avg ms): cnn_feature_pass: 28.28ms | actor_pass: 1.85ms | critic_pass: 0.11ms | rollout_phase: 184657.35ms | backward_pass: 5.65ms | optimizer_step: 6.48ms | update_phase: 11244.24ms
2025-05-19 21:03:25 | CarRacing-v3_ppo_seed42_ent0.0_lr0.0003_normal | INFO | Step: 552960/1000000 | Avg Reward: -16.48 | Avg Length: 1000.0
2025-05-19 21:03:25 | CarRacing-v3_ppo_seed42_ent0.0_lr0.0003_normal | INFO | Update Info: policy_loss: -0.0706 | value_loss: 0.1069 | entropy_loss: 9.3313 | approx_kl: -0.1764 | clip_fraction: 0.5916
2025-05-19 21:03:25 | CarRacing-v3_ppo_seed42_ent0.0_lr0.0003_normal | INFO | Timings (avg ms): cnn_feature_pass: 27.88ms | actor_pass: 1.80ms | critic_pass: 0.10ms | rollout_phase: 182514.60ms | backward_pass: 5.25ms | optimizer_step: 6.27ms | update_phase: 10698.27ms
2025-05-19 21:12:54 | CarRacing-v3_ppo_seed42_ent0.0_lr0.0003_normal | INFO | Step: 565248/1000000 | Avg Reward: -15.17 | Avg Length: 1000.0
2025-05-19 21:12:54 | CarRacing-v3_ppo_seed42_ent0.0_lr0.0003_normal | INFO | Update Info: policy_loss: -0.0631 | value_loss: 0.1295 | entropy_loss: 9.3538 | approx_kl: -0.2798 | clip_fraction: 0.5939
2025-05-19 21:12:54 | CarRacing-v3_ppo_seed42_ent0.0_lr0.0003_normal | INFO | Timings (avg ms): cnn_feature_pass: 27.19ms | actor_pass: 1.72ms | critic_pass: 0.11ms | rollout_phase: 178147.82ms | backward_pass: 5.62ms | optimizer_step: 6.66ms | update_phase: 11428.77ms
2025-05-19 21:22:43 | CarRacing-v3_ppo_seed42_ent0.0_lr0.0003_normal | INFO | Step: 577536/1000000 | Avg Reward: -17.26 | Avg Length: 1000.0
2025-05-19 21:22:43 | CarRacing-v3_ppo_seed42_ent0.0_lr0.0003_normal | INFO | Update Info: policy_loss: -0.0532 | value_loss: 0.1468 | entropy_loss: 9.4053 | approx_kl: -0.2286 | clip_fraction: 0.6051
2025-05-19 21:22:43 | CarRacing-v3_ppo_seed42_ent0.0_lr0.0003_normal | INFO | Timings (avg ms): cnn_feature_pass: 28.46ms | actor_pass: 1.84ms | critic_pass: 0.11ms | rollout_phase: 185392.19ms | backward_pass: 5.56ms | optimizer_step: 6.43ms | update_phase: 11116.43ms
2025-05-19 21:32:35 | CarRacing-v3_ppo_seed42_ent0.0_lr0.0003_normal | INFO | Step: 589824/1000000 | Avg Reward: 8.67 | Avg Length: 1000.0
2025-05-19 21:32:35 | CarRacing-v3_ppo_seed42_ent0.0_lr0.0003_normal | INFO | Update Info: policy_loss: -0.0575 | value_loss: 0.2188 | entropy_loss: 9.3318 | approx_kl: -0.2425 | clip_fraction: 0.5935
2025-05-19 21:32:35 | CarRacing-v3_ppo_seed42_ent0.0_lr0.0003_normal | INFO | Timings (avg ms): cnn_feature_pass: 28.75ms | actor_pass: 1.89ms | critic_pass: 0.11ms | rollout_phase: 186349.26ms | backward_pass: 5.34ms | optimizer_step: 6.46ms | update_phase: 10925.31ms
2025-05-19 21:42:34 | CarRacing-v3_ppo_seed42_ent0.0_lr0.0003_normal | INFO | Step: 602112/1000000 | Avg Reward: -15.10 | Avg Length: 1000.0
2025-05-19 21:42:34 | CarRacing-v3_ppo_seed42_ent0.0_lr0.0003_normal | INFO | Update Info: policy_loss: -0.0484 | value_loss: 0.1241 | entropy_loss: 9.5330 | approx_kl: -0.2808 | clip_fraction: 0.6160
2025-05-19 21:42:34 | CarRacing-v3_ppo_seed42_ent0.0_lr0.0003_normal | INFO | Timings (avg ms): cnn_feature_pass: 29.00ms | actor_pass: 1.91ms | critic_pass: 0.11ms | rollout_phase: 188867.70ms | backward_pass: 5.46ms | optimizer_step: 6.23ms | update_phase: 10847.89ms
2025-05-19 21:52:24 | CarRacing-v3_ppo_seed42_ent0.0_lr0.0003_normal | INFO | Step: 614400/1000000 | Avg Reward: -4.19 | Avg Length: 1000.0
2025-05-19 21:52:24 | CarRacing-v3_ppo_seed42_ent0.0_lr0.0003_normal | INFO | Update Info: policy_loss: -0.0657 | value_loss: 0.1592 | entropy_loss: 9.4773 | approx_kl: -0.2662 | clip_fraction: 0.6113
2025-05-19 21:52:24 | CarRacing-v3_ppo_seed42_ent0.0_lr0.0003_normal | INFO | Timings (avg ms): cnn_feature_pass: 28.26ms | actor_pass: 1.83ms | critic_pass: 0.11ms | rollout_phase: 185035.36ms | backward_pass: 5.69ms | optimizer_step: 6.79ms | update_phase: 11498.55ms
2025-05-19 22:01:56 | CarRacing-v3_ppo_seed42_ent0.0_lr0.0003_normal | INFO | Step: 626688/1000000 | Avg Reward: -23.75 | Avg Length: 1000.0
2025-05-19 22:01:56 | CarRacing-v3_ppo_seed42_ent0.0_lr0.0003_normal | INFO | Update Info: policy_loss: -0.0545 | value_loss: 0.1062 | entropy_loss: 9.7407 | approx_kl: -0.2648 | clip_fraction: 0.5541
2025-05-19 22:01:56 | CarRacing-v3_ppo_seed42_ent0.0_lr0.0003_normal | INFO | Timings (avg ms): cnn_feature_pass: 27.16ms | actor_pass: 1.69ms | critic_pass: 0.11ms | rollout_phase: 179298.11ms | backward_pass: 5.36ms | optimizer_step: 6.74ms | update_phase: 11201.37ms
2025-05-19 22:11:45 | CarRacing-v3_ppo_seed42_ent0.0_lr0.0003_normal | INFO | Step: 638976/1000000 | Avg Reward: -7.98 | Avg Length: 1000.0
2025-05-19 22:11:45 | CarRacing-v3_ppo_seed42_ent0.0_lr0.0003_normal | INFO | Update Info: policy_loss: -0.0674 | value_loss: 0.0922 | entropy_loss: 9.7108 | approx_kl: -0.2219 | clip_fraction: 0.6063
2025-05-19 22:11:45 | CarRacing-v3_ppo_seed42_ent0.0_lr0.0003_normal | INFO | Timings (avg ms): cnn_feature_pass: 28.43ms | actor_pass: 1.87ms | critic_pass: 0.11ms | rollout_phase: 186311.35ms | backward_pass: 4.89ms | optimizer_step: 6.16ms | update_phase: 10146.96ms
2025-05-19 22:21:18 | CarRacing-v3_ppo_seed42_ent0.0_lr0.0003_normal | INFO | Step: 651264/1000000 | Avg Reward: -28.54 | Avg Length: 1000.0
2025-05-19 22:21:18 | CarRacing-v3_ppo_seed42_ent0.0_lr0.0003_normal | INFO | Update Info: policy_loss: -0.0679 | value_loss: 0.1154 | entropy_loss: 9.8206 | approx_kl: -0.2882 | clip_fraction: 0.5925
2025-05-19 22:21:18 | CarRacing-v3_ppo_seed42_ent0.0_lr0.0003_normal | INFO | Timings (avg ms): cnn_feature_pass: 27.28ms | actor_pass: 1.74ms | critic_pass: 0.10ms | rollout_phase: 180315.53ms | backward_pass: 5.04ms | optimizer_step: 6.42ms | update_phase: 10531.84ms
