2025-05-16 02:55:19 | HalfCheetah-v4_grpo_hpo61_lr0p0001_ent0p0_kl_5e-05_gro32_normal | INFO | Initializing agent for HalfCheetah-v4_grpo_hpo61_lr0p0001_ent0p0_kl_5e-05_gro32_normal on device cpu
2025-05-16 02:55:19 | HalfCheetah-v4_grpo_hpo61_lr0p0001_ent0p0_kl_5e-05_gro32_normal | INFO | Full Config: {
  "env_id": "HalfCheetah-v4",
  "algo": "grpo",
  "seed": 0,
  "gamma": 0.99,
  "total_steps": 10000,
  "log_interval": 5000,
  "checkpoint_interval": 50000,
  "video_interval": 100000,
  "run_name": "HalfCheetah-v4_grpo_hpo61_lr0p0001_ent0p0_kl_5e-05_gro32",
  "base_log_dir": "experiment_runs_hpo",
  "verbose": false,
  "max_episode_steps": null,
  "network_config": {
    "network_type": "mlp",
    "mlp_hidden_dims": [
      64,
      64
    ],
    "cnn_output_features": 256
  },
  "ppo_config": null,
  "grpo_config": {
    "distribution_type": "normal",
    "group_size": 32,
    "update_epochs": 10,
    "max_grad_norm": 0.5,
    "entropy_coef": 0.0,
    "kl_coef": 0.00005,
    "ref_update_interval": 100000,
    "minibatch_size": 256,
    "lr": 0.0001,
    "rollout_steps_per_trajectory": 1000
  }
}
2025-05-16 02:55:20 | HalfCheetah-v4_grpo_hpo61_lr0p0001_ent0p0_kl_5e-05_gro32_normal | INFO | Initialized GRPO actor (type: mlp, dist: normal) and reference.
2025-05-16 02:55:20 | HalfCheetah-v4_grpo_hpo61_lr0p0001_ent0p0_kl_5e-05_gro32_normal | INFO | No actor checkpoint found at experiment_runs_hpo\HalfCheetah-v4_grpo_hpo61_lr0p0001_ent0p0_kl_5e-05_gro32_normal\checkpoints\actor.pt, starting fresh.
2025-05-16 02:55:20 | HalfCheetah-v4_grpo_hpo61_lr0p0001_ent0p0_kl_5e-05_gro32_normal | INFO | Starting training from step 0...
2025-05-16 02:55:56 | HalfCheetah-v4_grpo_hpo61_lr0p0001_ent0p0_kl_5e-05_gro32_normal | INFO | Step: 32000/10000 | Avg Reward: -365.34 | Avg Length: 1000.0
2025-05-16 02:55:56 | HalfCheetah-v4_grpo_hpo61_lr0p0001_ent0p0_kl_5e-05_gro32_normal | INFO | Update Info: policy_loss: -0.0064 | kl_loss: 0.0050 | entropy_loss: 8.6182 | total_loss: -0.0064
2025-05-16 02:55:56 | HalfCheetah-v4_grpo_hpo61_lr0p0001_ent0p0_kl_5e-05_gro32_normal | INFO | Timings (avg ms): actor_mlp: 0.19ms | rollout_phase: 27764.25ms | ref_actor_mlp: 0.35ms | backward_pass: 1.70ms | optimizer_step: 1.03ms | update_phase: 8041.25ms
2025-05-16 02:55:56 | HalfCheetah-v4_grpo_hpo61_lr0p0001_ent0p0_kl_5e-05_gro32_normal | INFO | Training finished at step 32000.
2025-05-16 02:55:56 | HalfCheetah-v4_grpo_hpo61_lr0p0001_ent0p0_kl_5e-05_gro32_normal | INFO | Starting evaluation (1 episodes, deterministic=True)...
2025-05-16 02:56:13 | HalfCheetah-v4_grpo_hpo61_lr0p0001_ent0p0_kl_5e-05_gro32_normal | INFO | Evaluation Complete: Avg Reward = -130.49 (over 1 eps)
2025-05-16 02:56:18 | HalfCheetah-v4_grpo_hpo61_lr0p0001_ent0p0_kl_5e-05_gro32_normal | INFO | Saved best evaluation video: final_step32000_detTrue_bestR-130.5.mp4
