2025-05-16 11:11:38 | CarRacing-v3_ppo_seed2_beta | INFO | Initializing agent for CarRacing-v3_ppo_seed2_beta on device cpu
2025-05-16 11:11:38 | CarRacing-v3_ppo_seed2_beta | INFO | Full Config: {
  "env_id": "CarRacing-v3",
  "algo": "ppo",
  "seed": 2,
  "gamma": 0.99,
  "total_steps": 1000000,
  "log_interval": 10000,
  "checkpoint_interval": 100000,
  "video_interval": 250000,
  "run_name": null,
  "base_log_dir": "experiment_runs",
  "verbose": false,
  "max_episode_steps": 1000,
  "network_config": {
    "network_type": "cnn",
    "mlp_hidden_dims": [
      256
    ],
    "cnn_output_features": 256
  },
  "ppo_config": {
    "distribution_type": "beta",
    "lam": 0.95,
    "clip_eps": 0.1,
    "ppo_epochs": 10,
    "num_minibatches": 64,
    "entropy_coef": 0.01,
    "value_coef": 0.5,
    "max_grad_norm": 0.5,
    "target_kl": null,
    "rollout_steps": 4096,
    "lr": 0.00025
  },
  "grpo_config": null
}
2025-05-18 02:14:36 | CarRacing-v3_ppo_seed2_beta | INFO | Initializing agent for CarRacing-v3_ppo_seed2_beta on device cpu
2025-05-18 02:14:36 | CarRacing-v3_ppo_seed2_beta | INFO | Full Config: {
  "env_id": "CarRacing-v3",
  "algo": "ppo",
  "seed": 2,
  "gamma": 0.99,
  "total_steps": 1000000,
  "log_interval": 10000,
  "checkpoint_interval": 100000,
  "video_interval": 250000,
  "run_name": null,
  "base_log_dir": "experiment_runs",
  "verbose": false,
  "max_episode_steps": 1000,
  "network_config": {
    "network_type": "cnn",
    "mlp_hidden_dims": [
      256
    ],
    "cnn_output_features": 256
  },
  "ppo_config": {
    "distribution_type": "beta",
    "lam": 0.95,
    "clip_eps": 0.1,
    "ppo_epochs": 10,
    "num_minibatches": 64,
    "entropy_coef": 0.01,
    "value_coef": 0.5,
    "max_grad_norm": 0.5,
    "target_kl": null,
    "rollout_steps": 4096,
    "lr": 0.00025
  },
  "grpo_config": null
}
